[ 2016-06-18T08:19:22+08:00 ] ::1 /weixin_tongshi/
INFO: [ app_init ] --START--
INFO: Run Behavior\BuildLiteBehavior [ RunTime:0.000015s ]
INFO: [ app_init ] --END-- [ RunTime:0.000688s ]
INFO: [ app_begin ] --START--
INFO: Run Behavior\ReadHtmlCacheBehavior [ RunTime:0.001019s ]
INFO: [ app_begin ] --END-- [ RunTime:0.001079s ]
NOTIC: [8] A session had already been started - ignoring session_start() D:\WWW\weixin_tongshi\ThinkPHP\Common\functions.php 第 1263 行.
INFO: [ view_parse ] --START--
INFO: Run Behavior\ParseTemplateBehavior [ RunTime:0.017186s ]
INFO: [ view_parse ] --END-- [ RunTime:0.017291s ]
INFO: [ view_filter ] --START--
INFO: Run Behavior\WriteHtmlCacheBehavior [ RunTime:0.001153s ]
INFO: [ view_filter ] --END-- [ RunTime:0.001211s ]
INFO: [ app_end ] --START--
INFO: Run Behavior\ShowPageTraceBehavior [ RunTime:0.001109s ]
INFO: [ app_end ] --END-- [ RunTime:0.001159s ]

[ 2016-06-18T08:19:31+08:00 ] ::1 /weixin_tongshi/index.php/home/admin/addhua
INFO: [ app_init ] --START--
INFO: Run Behavior\BuildLiteBehavior [ RunTime:0.000015s ]
INFO: [ app_init ] --END-- [ RunTime:0.000613s ]
INFO: [ app_begin ] --START--
INFO: Run Behavior\ReadHtmlCacheBehavior [ RunTime:0.001035s ]
INFO: [ app_begin ] --END-- [ RunTime:0.001124s ]
NOTIC: [8] A session had already been started - ignoring session_start() D:\WWW\weixin_tongshi\ThinkPHP\Common\functions.php 第 1263 行.
NOTIC: [2048] Declaration of Home\Controller\AdminController::show() should be compatible with Think\Controller::show($content, $charset = '', $contentType = '', $prefix = '') D:\WWW\weixin_tongshi\Application\Home\Controller\AdminController.class.php 第 254 行.
NOTIC: [8] A session had already been started - ignoring session_start() D:\WWW\weixin_tongshi\Application\Home\Controller\AdminController.class.php 第 7 行.
NOTIC: [8] A session had already been started - ignoring session_start() D:\WWW\weixin_tongshi\Application\Home\Controller\AdminController.class.php 第 167 行.
NOTIC: [8] Undefined index: access_token D:\WWW\weixin_tongshi\Application\Home\Controller\AdminController.class.php 第 168 行.
NOTIC: [8] Undefined index: code D:\WWW\weixin_tongshi\Application\Home\Controller\AdminController.class.php 第 35 行.
NOTIC: [8] A session had already been started - ignoring session_start() D:\WWW\weixin_tongshi\Application\Home\Controller\AdminController.class.php 第 167 行.
NOTIC: [8] curl_setopt(): CURLOPT_SSL_VERIFYHOST no longer accepts the value 1, value 2 will be used instead D:\WWW\weixin_tongshi\Application\Home\Controller\AdminController.class.php 第 224 行.
NOTIC: [8] Trying to get property of non-object D:\WWW\weixin_tongshi\Application\Home\Controller\AdminController.class.php 第 250 行.
NOTIC: [2] file_get_contents(jsapi_ticket.php): failed to open stream: No such file or directory D:\WWW\weixin_tongshi\Application\Home\Controller\AdminController.class.php 第 234 行.
NOTIC: [8] Trying to get property of non-object D:\WWW\weixin_tongshi\Application\Home\Controller\AdminController.class.php 第 197 行.
NOTIC: [8] A session had already been started - ignoring session_start() D:\WWW\weixin_tongshi\Application\Home\Controller\AdminController.class.php 第 167 行.
NOTIC: [8] curl_setopt(): CURLOPT_SSL_VERIFYHOST no longer accepts the value 1, value 2 will be used instead D:\WWW\weixin_tongshi\Application\Home\Controller\AdminController.class.php 第 224 行.
NOTIC: [8] Trying to get property of non-object D:\WWW\weixin_tongshi\Application\Home\Controller\AdminController.class.php 第 203 行.
INFO: [ view_parse ] --START--
INFO: [ template_filter ] --START--
INFO: Run Behavior\ContentReplaceBehavior [ RunTime:0.000134s ]
INFO: [ template_filter ] --END-- [ RunTime:0.000223s ]
INFO: Run Behavior\ParseTemplateBehavior [ RunTime:0.048428s ]
INFO: [ view_parse ] --END-- [ RunTime:0.048606s ]
INFO: [ view_filter ] --START--
INFO: Run Behavior\WriteHtmlCacheBehavior [ RunTime:0.001572s ]
INFO: [ view_filter ] --END-- [ RunTime:0.001696s ]
INFO: [ app_end ] --START--
INFO: Run Behavior\ShowPageTraceBehavior [ RunTime:0.002067s ]
INFO: [ app_end ] --END-- [ RunTime:0.002190s ]

[ 2016-06-18T08:19:48+08:00 ] ::1 /weixin_tongshi/index.php/Home/Admin/add
INFO: [ app_init ] --START--
INFO: Run Behavior\BuildLiteBehavior [ RunTime:0.000013s ]
INFO: [ app_init ] --END-- [ RunTime:0.000639s ]
INFO: [ app_begin ] --START--
INFO: Run Behavior\ReadHtmlCacheBehavior [ RunTime:0.000663s ]
INFO: [ app_begin ] --END-- [ RunTime:0.000711s ]
NOTIC: [8] A session had already been started - ignoring session_start() D:\WWW\weixin_tongshi\ThinkPHP\Common\functions.php 第 1263 行.
NOTIC: [2048] Declaration of Home\Controller\AdminController::show() should be compatible with Think\Controller::show($content, $charset = '', $contentType = '', $prefix = '') D:\WWW\weixin_tongshi\Application\Home\Controller\AdminController.class.php 第 254 行.
NOTIC: [8] A session had already been started - ignoring session_start() D:\WWW\weixin_tongshi\Application\Home\Controller\AdminController.class.php 第 7 行.

[ 2016-06-18T08:20:04+08:00 ] ::1 /weixin_tongshi/index.php/Home/Admin/tongxun
INFO: [ app_init ] --START--
INFO: Run Behavior\BuildLiteBehavior [ RunTime:0.000012s ]
INFO: [ app_init ] --END-- [ RunTime:0.000602s ]
INFO: [ app_begin ] --START--
INFO: Run Behavior\ReadHtmlCacheBehavior [ RunTime:0.000625s ]
INFO: [ app_begin ] --END-- [ RunTime:0.000668s ]
NOTIC: [8] A session had already been started - ignoring session_start() D:\WWW\weixin_tongshi\ThinkPHP\Common\functions.php 第 1263 行.
NOTIC: [2048] Declaration of Home\Controller\AdminController::show() should be compatible with Think\Controller::show($content, $charset = '', $contentType = '', $prefix = '') D:\WWW\weixin_tongshi\Application\Home\Controller\AdminController.class.php 第 254 行.
NOTIC: [8] A session had already been started - ignoring session_start() D:\WWW\weixin_tongshi\Application\Home\Controller\AdminController.class.php 第 7 行.
NOTIC: [8] A session had already been started - ignoring session_start() D:\WWW\weixin_tongshi\Application\Home\Controller\AdminController.class.php 第 167 行.
INFO: [ app_end ] --START--
INFO: Run Behavior\ShowPageTraceBehavior [ RunTime:0.002171s ]
INFO: [ app_end ] --END-- [ RunTime:0.002345s ]

[ 2016-06-18T08:20:15+08:00 ] ::1 /weixin_tongshi/index.php/Home/Admin/add
INFO: [ app_init ] --START--
INFO: Run Behavior\BuildLiteBehavior [ RunTime:0.000021s ]
INFO: [ app_init ] --END-- [ RunTime:0.000660s ]
INFO: [ app_begin ] --START--
INFO: Run Behavior\ReadHtmlCacheBehavior [ RunTime:0.000790s ]
INFO: [ app_begin ] --END-- [ RunTime:0.000858s ]
NOTIC: [8] A session had already been started - ignoring session_start() D:\WWW\weixin_tongshi\ThinkPHP\Common\functions.php 第 1263 行.
NOTIC: [2048] Declaration of Home\Controller\AdminController::show() should be compatible with Think\Controller::show($content, $charset = '', $contentType = '', $prefix = '') D:\WWW\weixin_tongshi\Application\Home\Controller\AdminController.class.php 第 254 行.
NOTIC: [8] A session had already been started - ignoring session_start() D:\WWW\weixin_tongshi\Application\Home\Controller\AdminController.class.php 第 7 行.

[ 2016-06-18T08:20:33+08:00 ] ::1 /weixin_tongshi/index.php/Home/Admin/add
INFO: [ app_init ] --START--
INFO: Run Behavior\BuildLiteBehavior [ RunTime:0.000014s ]
INFO: [ app_init ] --END-- [ RunTime:0.000714s ]
INFO: [ app_begin ] --START--
INFO: Run Behavior\ReadHtmlCacheBehavior [ RunTime:0.000733s ]
INFO: [ app_begin ] --END-- [ RunTime:0.000793s ]
NOTIC: [8] A session had already been started - ignoring session_start() D:\WWW\weixin_tongshi\ThinkPHP\Common\functions.php 第 1263 行.
NOTIC: [2048] Declaration of Home\Controller\AdminController::show() should be compatible with Think\Controller::show($content, $charset = '', $contentType = '', $prefix = '') D:\WWW\weixin_tongshi\Application\Home\Controller\AdminController.class.php 第 254 行.
NOTIC: [8] A session had already been started - ignoring session_start() D:\WWW\weixin_tongshi\Application\Home\Controller\AdminController.class.php 第 7 行.

[ 2016-06-18T08:22:40+08:00 ] ::1 /weixin_tongshi/index.php/home/admin/addhua
INFO: [ app_init ] --START--
INFO: Run Behavior\BuildLiteBehavior [ RunTime:0.000017s ]
INFO: [ app_init ] --END-- [ RunTime:0.000734s ]
INFO: [ app_begin ] --START--
INFO: Run Behavior\ReadHtmlCacheBehavior [ RunTime:0.000928s ]
INFO: [ app_begin ] --END-- [ RunTime:0.000976s ]
NOTIC: [8] A session had already been started - ignoring session_start() D:\WWW\weixin_tongshi\ThinkPHP\Common\functions.php 第 1263 行.
NOTIC: [2048] Declaration of Home\Controller\AdminController::show() should be compatible with Think\Controller::show($content, $charset = '', $contentType = '', $prefix = '') D:\WWW\weixin_tongshi\Application\Home\Controller\AdminController.class.php 第 254 行.
NOTIC: [8] A session had already been started - ignoring session_start() D:\WWW\weixin_tongshi\Application\Home\Controller\AdminController.class.php 第 7 行.
NOTIC: [8] A session had already been started - ignoring session_start() D:\WWW\weixin_tongshi\Application\Home\Controller\AdminController.class.php 第 167 行.
NOTIC: [8] Undefined index: code D:\WWW\weixin_tongshi\Application\Home\Controller\AdminController.class.php 第 35 行.
NOTIC: [8] A session had already been started - ignoring session_start() D:\WWW\weixin_tongshi\Application\Home\Controller\AdminController.class.php 第 167 行.
NOTIC: [8] curl_setopt(): CURLOPT_SSL_VERIFYHOST no longer accepts the value 1, value 2 will be used instead D:\WWW\weixin_tongshi\Application\Home\Controller\AdminController.class.php 第 224 行.
NOTIC: [8] Trying to get property of non-object D:\WWW\weixin_tongshi\Application\Home\Controller\AdminController.class.php 第 250 行.
NOTIC: [2] file_get_contents(jsapi_ticket.php): failed to open stream: No such file or directory D:\WWW\weixin_tongshi\Application\Home\Controller\AdminController.class.php 第 234 行.
NOTIC: [8] Trying to get property of non-object D:\WWW\weixin_tongshi\Application\Home\Controller\AdminController.class.php 第 197 行.
NOTIC: [8] A session had already been started - ignoring session_start() D:\WWW\weixin_tongshi\Application\Home\Controller\AdminController.class.php 第 167 行.
NOTIC: [8] curl_setopt(): CURLOPT_SSL_VERIFYHOST no longer accepts the value 1, value 2 will be used instead D:\WWW\weixin_tongshi\Application\Home\Controller\AdminController.class.php 第 224 行.
NOTIC: [8] Trying to get property of non-object D:\WWW\weixin_tongshi\Application\Home\Controller\AdminController.class.php 第 203 行.
INFO: [ view_parse ] --START--
INFO: [ template_filter ] --START--
INFO: Run Behavior\ContentReplaceBehavior [ RunTime:0.000120s ]
INFO: [ template_filter ] --END-- [ RunTime:0.000199s ]
INFO: Run Behavior\ParseTemplateBehavior [ RunTime:0.021175s ]
INFO: [ view_parse ] --END-- [ RunTime:0.021301s ]
INFO: [ view_filter ] --START--
INFO: Run Behavior\WriteHtmlCacheBehavior [ RunTime:0.001157s ]
INFO: [ view_filter ] --END-- [ RunTime:0.001223s ]
INFO: [ app_end ] --START--
INFO: Run Behavior\ShowPageTraceBehavior [ RunTime:0.001427s ]
INFO: [ app_end ] --END-- [ RunTime:0.001493s ]

[ 2016-06-18T08:22:45+08:00 ] ::1 /weixin_tongshi/index.php/Home/Admin/addfile
INFO: [ app_init ] --START--
INFO: Run Behavior\BuildLiteBehavior [ RunTime:0.000014s ]
INFO: [ app_init ] --END-- [ RunTime:0.000575s ]
INFO: [ app_begin ] --START--
INFO: Run Behavior\ReadHtmlCacheBehavior [ RunTime:0.000695s ]
INFO: [ app_begin ] --END-- [ RunTime:0.000750s ]
NOTIC: [8] A session had already been started - ignoring session_start() D:\WWW\weixin_tongshi\ThinkPHP\Common\functions.php 第 1263 行.
NOTIC: [2048] Declaration of Home\Controller\AdminController::show() should be compatible with Think\Controller::show($content, $charset = '', $contentType = '', $prefix = '') D:\WWW\weixin_tongshi\Application\Home\Controller\AdminController.class.php 第 254 行.
NOTIC: [8] A session had already been started - ignoring session_start() D:\WWW\weixin_tongshi\Application\Home\Controller\AdminController.class.php 第 7 行.
NOTIC: [8] Trying to get property of non-object D:\WWW\weixin_tongshi\Application\Home\Controller\AdminController.class.php 第 82 行.
INFO: [ app_end ] --START--
INFO: Run Behavior\ShowPageTraceBehavior [ RunTime:0.000900s ]
INFO: [ app_end ] --END-- [ RunTime:0.000981s ]

[ 2016-06-18T08:22:47+08:00 ] ::1 /weixin_tongshi/index.php/Home/Admin/addfile
INFO: [ app_init ] --START--
INFO: Run Behavior\BuildLiteBehavior [ RunTime:0.000020s ]
INFO: [ app_init ] --END-- [ RunTime:0.000722s ]
INFO: [ app_begin ] --START--
INFO: Run Behavior\ReadHtmlCacheBehavior [ RunTime:0.000707s ]
INFO: [ app_begin ] --END-- [ RunTime:0.000751s ]
NOTIC: [8] A session had already been started - ignoring session_start() D:\WWW\weixin_tongshi\ThinkPHP\Common\functions.php 第 1263 行.
NOTIC: [2048] Declaration of Home\Controller\AdminController::show() should be compatible with Think\Controller::show($content, $charset = '', $contentType = '', $prefix = '') D:\WWW\weixin_tongshi\Application\Home\Controller\AdminController.class.php 第 254 行.
NOTIC: [8] A session had already been started - ignoring session_start() D:\WWW\weixin_tongshi\Application\Home\Controller\AdminController.class.php 第 7 行.
NOTIC: [8] Trying to get property of non-object D:\WWW\weixin_tongshi\Application\Home\Controller\AdminController.class.php 第 82 行.
INFO: [ app_end ] --START--
INFO: Run Behavior\ShowPageTraceBehavior [ RunTime:0.001072s ]
INFO: [ app_end ] --END-- [ RunTime:0.001182s ]

[ 2016-06-18T08:23:04+08:00 ] ::1 /weixin_tongshi/index.php/home/admin/addhua
INFO: [ app_init ] --START--
INFO: Run Behavior\BuildLiteBehavior [ RunTime:0.000025s ]
INFO: [ app_init ] --END-- [ RunTime:0.001080s ]
INFO: [ app_begin ] --START--
INFO: Run Behavior\ReadHtmlCacheBehavior [ RunTime:0.001042s ]
INFO: [ app_begin ] --END-- [ RunTime:0.001132s ]
NOTIC: [8] A session had already been started - ignoring session_start() D:\WWW\weixin_tongshi\ThinkPHP\Common\functions.php 第 1263 行.
NOTIC: [2048] Declaration of Home\Controller\AdminController::show() should be compatible with Think\Controller::show($content, $charset = '', $contentType = '', $prefix = '') D:\WWW\weixin_tongshi\Application\Home\Controller\AdminController.class.php 第 254 行.
NOTIC: [8] A session had already been started - ignoring session_start() D:\WWW\weixin_tongshi\Application\Home\Controller\AdminController.class.php 第 7 行.
NOTIC: [8] A session had already been started - ignoring session_start() D:\WWW\weixin_tongshi\Application\Home\Controller\AdminController.class.php 第 167 行.
NOTIC: [8] Undefined index: code D:\WWW\weixin_tongshi\Application\Home\Controller\AdminController.class.php 第 35 行.
NOTIC: [8] A session had already been started - ignoring session_start() D:\WWW\weixin_tongshi\Application\Home\Controller\AdminController.class.php 第 167 行.
NOTIC: [8] curl_setopt(): CURLOPT_SSL_VERIFYHOST no longer accepts the value 1, value 2 will be used instead D:\WWW\weixin_tongshi\Application\Home\Controller\AdminController.class.php 第 224 行.
NOTIC: [8] Trying to get property of non-object D:\WWW\weixin_tongshi\Application\Home\Controller\AdminController.class.php 第 250 行.
NOTIC: [2] file_get_contents(jsapi_ticket.php): failed to open stream: No such file or directory D:\WWW\weixin_tongshi\Application\Home\Controller\AdminController.class.php 第 234 行.
NOTIC: [8] Trying to get property of non-object D:\WWW\weixin_tongshi\Application\Home\Controller\AdminController.class.php 第 197 行.
NOTIC: [8] A session had already been started - ignoring session_start() D:\WWW\weixin_tongshi\Application\Home\Controller\AdminController.class.php 第 167 行.
NOTIC: [8] curl_setopt(): CURLOPT_SSL_VERIFYHOST no longer accepts the value 1, value 2 will be used instead D:\WWW\weixin_tongshi\Application\Home\Controller\AdminController.class.php 第 224 行.
NOTIC: [8] Trying to get property of non-object D:\WWW\weixin_tongshi\Application\Home\Controller\AdminController.class.php 第 203 行.
INFO: [ view_parse ] --START--
INFO: [ template_filter ] --START--
INFO: Run Behavior\ContentReplaceBehavior [ RunTime:0.000068s ]
INFO: [ template_filter ] --END-- [ RunTime:0.000116s ]
INFO: Run Behavior\ParseTemplateBehavior [ RunTime:0.006955s ]
INFO: [ view_parse ] --END-- [ RunTime:0.007014s ]
INFO: [ view_filter ] --START--
INFO: Run Behavior\WriteHtmlCacheBehavior [ RunTime:0.000493s ]
INFO: [ view_filter ] --END-- [ RunTime:0.000540s ]
INFO: [ app_end ] --START--
INFO: Run Behavior\ShowPageTraceBehavior [ RunTime:0.001136s ]
INFO: [ app_end ] --END-- [ RunTime:0.001214s ]

[ 2016-06-18T08:23:09+08:00 ] ::1 /weixin_tongshi/index.php/Home/Admin/addfile
INFO: [ app_init ] --START--
INFO: Run Behavior\BuildLiteBehavior [ RunTime:0.000013s ]
INFO: [ app_init ] --END-- [ RunTime:0.000601s ]
INFO: [ app_begin ] --START--
INFO: Run Behavior\ReadHtmlCacheBehavior [ RunTime:0.000695s ]
INFO: [ app_begin ] --END-- [ RunTime:0.000739s ]
NOTIC: [8] A session had already been started - ignoring session_start() D:\WWW\weixin_tongshi\ThinkPHP\Common\functions.php 第 1263 行.
NOTIC: [2048] Declaration of Home\Controller\AdminController::show() should be compatible with Think\Controller::show($content, $charset = '', $contentType = '', $prefix = '') D:\WWW\weixin_tongshi\Application\Home\Controller\AdminController.class.php 第 254 行.
NOTIC: [8] A session had already been started - ignoring session_start() D:\WWW\weixin_tongshi\Application\Home\Controller\AdminController.class.php 第 7 行.
NOTIC: [8] Trying to get property of non-object D:\WWW\weixin_tongshi\Application\Home\Controller\AdminController.class.php 第 82 行.
INFO: [ app_end ] --START--
INFO: Run Behavior\ShowPageTraceBehavior [ RunTime:0.001254s ]
INFO: [ app_end ] --END-- [ RunTime:0.001498s ]

[ 2016-06-18T08:23:10+08:00 ] ::1 /weixin_tongshi/index.php/Home/Admin/addfile
INFO: [ app_init ] --START--
INFO: Run Behavior\BuildLiteBehavior [ RunTime:0.000012s ]
INFO: [ app_init ] --END-- [ RunTime:0.000595s ]
INFO: [ app_begin ] --START--
INFO: Run Behavior\ReadHtmlCacheBehavior [ RunTime:0.000686s ]
INFO: [ app_begin ] --END-- [ RunTime:0.000729s ]
NOTIC: [8] A session had already been started - ignoring session_start() D:\WWW\weixin_tongshi\ThinkPHP\Common\functions.php 第 1263 行.
NOTIC: [2048] Declaration of Home\Controller\AdminController::show() should be compatible with Think\Controller::show($content, $charset = '', $contentType = '', $prefix = '') D:\WWW\weixin_tongshi\Application\Home\Controller\AdminController.class.php 第 254 行.
NOTIC: [8] A session had already been started - ignoring session_start() D:\WWW\weixin_tongshi\Application\Home\Controller\AdminController.class.php 第 7 行.
NOTIC: [8] Trying to get property of non-object D:\WWW\weixin_tongshi\Application\Home\Controller\AdminController.class.php 第 82 行.
INFO: [ app_end ] --START--
INFO: Run Behavior\ShowPageTraceBehavior [ RunTime:0.001963s ]
INFO: [ app_end ] --END-- [ RunTime:0.002223s ]

[ 2016-06-18T08:23:12+08:00 ] ::1 /weixin_tongshi/index.php/Home/Admin/tongxun
INFO: [ app_init ] --START--
INFO: Run Behavior\BuildLiteBehavior [ RunTime:0.000014s ]
INFO: [ app_init ] --END-- [ RunTime:0.000559s ]
INFO: [ app_begin ] --START--
INFO: Run Behavior\ReadHtmlCacheBehavior [ RunTime:0.000666s ]
INFO: [ app_begin ] --END-- [ RunTime:0.000713s ]
NOTIC: [8] A session had already been started - ignoring session_start() D:\WWW\weixin_tongshi\ThinkPHP\Common\functions.php 第 1263 行.
NOTIC: [2048] Declaration of Home\Controller\AdminController::show() should be compatible with Think\Controller::show($content, $charset = '', $contentType = '', $prefix = '') D:\WWW\weixin_tongshi\Application\Home\Controller\AdminController.class.php 第 254 行.
NOTIC: [8] A session had already been started - ignoring session_start() D:\WWW\weixin_tongshi\Application\Home\Controller\AdminController.class.php 第 7 行.
NOTIC: [8] A session had already been started - ignoring session_start() D:\WWW\weixin_tongshi\Application\Home\Controller\AdminController.class.php 第 167 行.
INFO: [ app_end ] --START--
INFO: Run Behavior\ShowPageTraceBehavior [ RunTime:0.002169s ]
INFO: [ app_end ] --END-- [ RunTime:0.002335s ]

[ 2016-06-18T08:23:21+08:00 ] ::1 /weixin_tongshi/index.php/Home/Admin/add
INFO: [ app_init ] --START--
INFO: Run Behavior\BuildLiteBehavior [ RunTime:0.000015s ]
INFO: [ app_init ] --END-- [ RunTime:0.000751s ]
INFO: [ app_begin ] --START--
INFO: Run Behavior\ReadHtmlCacheBehavior [ RunTime:0.000972s ]
INFO: [ app_begin ] --END-- [ RunTime:0.001056s ]
NOTIC: [8] A session had already been started - ignoring session_start() D:\WWW\weixin_tongshi\ThinkPHP\Common\functions.php 第 1263 行.
NOTIC: [2048] Declaration of Home\Controller\AdminController::show() should be compatible with Think\Controller::show($content, $charset = '', $contentType = '', $prefix = '') D:\WWW\weixin_tongshi\Application\Home\Controller\AdminController.class.php 第 254 行.
NOTIC: [8] A session had already been started - ignoring session_start() D:\WWW\weixin_tongshi\Application\Home\Controller\AdminController.class.php 第 7 行.

[ 2016-06-18T08:28:41+08:00 ] ::1 /weixin_tongshi/index.php/home/admin/addhua
INFO: [ app_init ] --START--
INFO: Run Behavior\BuildLiteBehavior [ RunTime:0.000026s ]
INFO: [ app_init ] --END-- [ RunTime:0.001662s ]
INFO: [ app_begin ] --START--
INFO: Run Behavior\ReadHtmlCacheBehavior [ RunTime:0.001584s ]
INFO: [ app_begin ] --END-- [ RunTime:0.001683s ]
NOTIC: [8] A session had already been started - ignoring session_start() D:\WWW\weixin_tongshi\ThinkPHP\Common\functions.php 第 1263 行.
NOTIC: [2048] Declaration of Home\Controller\AdminController::show() should be compatible with Think\Controller::show($content, $charset = '', $contentType = '', $prefix = '') D:\WWW\weixin_tongshi\Application\Home\Controller\AdminController.class.php 第 259 行.
NOTIC: [8] A session had already been started - ignoring session_start() D:\WWW\weixin_tongshi\Application\Home\Controller\AdminController.class.php 第 7 行.
NOTIC: [8] A session had already been started - ignoring session_start() D:\WWW\weixin_tongshi\Application\Home\Controller\AdminController.class.php 第 172 行.

[ 2016-06-18T08:28:52+08:00 ] ::1 /weixin_tongshi/index.php/home/admin/addhua
INFO: [ app_init ] --START--
INFO: Run Behavior\BuildLiteBehavior [ RunTime:0.000025s ]
INFO: [ app_init ] --END-- [ RunTime:0.001020s ]
INFO: [ app_begin ] --START--
INFO: Run Behavior\ReadHtmlCacheBehavior [ RunTime:0.001219s ]
INFO: [ app_begin ] --END-- [ RunTime:0.001333s ]
NOTIC: [8] A session had already been started - ignoring session_start() D:\WWW\weixin_tongshi\ThinkPHP\Common\functions.php 第 1263 行.
NOTIC: [2048] Declaration of Home\Controller\AdminController::show() should be compatible with Think\Controller::show($content, $charset = '', $contentType = '', $prefix = '') D:\WWW\weixin_tongshi\Application\Home\Controller\AdminController.class.php 第 259 行.
NOTIC: [8] A session had already been started - ignoring session_start() D:\WWW\weixin_tongshi\Application\Home\Controller\AdminController.class.php 第 7 行.
NOTIC: [8] A session had already been started - ignoring session_start() D:\WWW\weixin_tongshi\Application\Home\Controller\AdminController.class.php 第 172 行.
NOTIC: [8] Undefined index: code D:\WWW\weixin_tongshi\Application\Home\Controller\AdminController.class.php 第 35 行.

[ 2016-06-18T08:28:59+08:00 ] ::1 /weixin_tongshi/index.php/home/admin/addhua
INFO: [ app_init ] --START--
INFO: Run Behavior\BuildLiteBehavior [ RunTime:0.000020s ]
INFO: [ app_init ] --END-- [ RunTime:0.000710s ]
INFO: [ app_begin ] --START--
INFO: Run Behavior\ReadHtmlCacheBehavior [ RunTime:0.000804s ]
INFO: [ app_begin ] --END-- [ RunTime:0.000890s ]
NOTIC: [8] A session had already been started - ignoring session_start() D:\WWW\weixin_tongshi\ThinkPHP\Common\functions.php 第 1263 行.
NOTIC: [2048] Declaration of Home\Controller\AdminController::show() should be compatible with Think\Controller::show($content, $charset = '', $contentType = '', $prefix = '') D:\WWW\weixin_tongshi\Application\Home\Controller\AdminController.class.php 第 259 行.
NOTIC: [8] A session had already been started - ignoring session_start() D:\WWW\weixin_tongshi\Application\Home\Controller\AdminController.class.php 第 7 行.
NOTIC: [8] A session had already been started - ignoring session_start() D:\WWW\weixin_tongshi\Application\Home\Controller\AdminController.class.php 第 172 行.
NOTIC: [8] Undefined index: code D:\WWW\weixin_tongshi\Application\Home\Controller\AdminController.class.php 第 35 行.
NOTIC: [8] A session had already been started - ignoring session_start() D:\WWW\weixin_tongshi\Application\Home\Controller\AdminController.class.php 第 172 行.
NOTIC: [8] curl_setopt(): CURLOPT_SSL_VERIFYHOST no longer accepts the value 1, value 2 will be used instead D:\WWW\weixin_tongshi\Application\Home\Controller\AdminController.class.php 第 229 行.
NOTIC: [8] Trying to get property of non-object D:\WWW\weixin_tongshi\Application\Home\Controller\AdminController.class.php 第 255 行.
NOTIC: [2] file_get_contents(jsapi_ticket.php): failed to open stream: No such file or directory D:\WWW\weixin_tongshi\Application\Home\Controller\AdminController.class.php 第 239 行.
NOTIC: [8] Trying to get property of non-object D:\WWW\weixin_tongshi\Application\Home\Controller\AdminController.class.php 第 202 行.
NOTIC: [8] A session had already been started - ignoring session_start() D:\WWW\weixin_tongshi\Application\Home\Controller\AdminController.class.php 第 172 行.
NOTIC: [8] curl_setopt(): CURLOPT_SSL_VERIFYHOST no longer accepts the value 1, value 2 will be used instead D:\WWW\weixin_tongshi\Application\Home\Controller\AdminController.class.php 第 229 行.
NOTIC: [8] Trying to get property of non-object D:\WWW\weixin_tongshi\Application\Home\Controller\AdminController.class.php 第 208 行.
INFO: [ view_parse ] --START--
INFO: [ template_filter ] --START--
INFO: Run Behavior\ContentReplaceBehavior [ RunTime:0.000250s ]
INFO: [ template_filter ] --END-- [ RunTime:0.000398s ]
INFO: Run Behavior\ParseTemplateBehavior [ RunTime:0.023875s ]
INFO: [ view_parse ] --END-- [ RunTime:0.024047s ]
INFO: [ view_filter ] --START--
INFO: Run Behavior\WriteHtmlCacheBehavior [ RunTime:0.002462s ]
INFO: [ view_filter ] --END-- [ RunTime:0.002620s ]
INFO: [ app_end ] --START--
INFO: Run Behavior\ShowPageTraceBehavior [ RunTime:0.002859s ]
INFO: [ app_end ] --END-- [ RunTime:0.003018s ]

