[ 2016-06-17T08:07:47+08:00 ] ::1 /weixin_tongshi/
INFO: [ app_init ] --START--
INFO: Run Behavior\BuildLiteBehavior [ RunTime:0.000024s ]
INFO: [ app_init ] --END-- [ RunTime:0.028227s ]
INFO: [ app_begin ] --START--
INFO: Run Behavior\ReadHtmlCacheBehavior [ RunTime:0.015946s ]
INFO: [ app_begin ] --END-- [ RunTime:0.016043s ]
NOTIC: [8] A session had already been started - ignoring session_start() D:\WWW\weixin_tongshi\ThinkPHP\Common\functions.php 第 1263 行.
INFO: [ view_parse ] --START--
INFO: Run Behavior\ParseTemplateBehavior [ RunTime:0.024537s ]
INFO: [ view_parse ] --END-- [ RunTime:0.024700s ]
INFO: [ view_filter ] --START--
INFO: Run Behavior\WriteHtmlCacheBehavior [ RunTime:0.008903s ]
INFO: [ view_filter ] --END-- [ RunTime:0.009039s ]
INFO: [ app_end ] --START--
INFO: Run Behavior\ShowPageTraceBehavior [ RunTime:0.003093s ]
INFO: [ app_end ] --END-- [ RunTime:0.003221s ]

[ 2016-06-17T08:07:56+08:00 ] ::1 /weixin_tongshi/index.php/home/admin/addhua
INFO: [ app_init ] --START--
INFO: Run Behavior\BuildLiteBehavior [ RunTime:0.000015s ]
INFO: [ app_init ] --END-- [ RunTime:0.000777s ]
INFO: [ app_begin ] --START--
INFO: Run Behavior\ReadHtmlCacheBehavior [ RunTime:0.001360s ]
INFO: [ app_begin ] --END-- [ RunTime:0.001436s ]
NOTIC: [8] A session had already been started - ignoring session_start() D:\WWW\weixin_tongshi\ThinkPHP\Common\functions.php 第 1263 行.
NOTIC: [2048] Declaration of Home\Controller\AdminController::show() should be compatible with Think\Controller::show($content, $charset = '', $contentType = '', $prefix = '') D:\WWW\weixin_tongshi\Application\Home\Controller\AdminController.class.php 第 150 行.
NOTIC: [8] A session had already been started - ignoring session_start() D:\WWW\weixin_tongshi\Application\Home\Controller\AdminController.class.php 第 7 行.
NOTIC: [8] A session had already been started - ignoring session_start() D:\WWW\weixin_tongshi\Application\Home\Controller\AdminController.class.php 第 131 行.
NOTIC: [8] Undefined index: access_token D:\WWW\weixin_tongshi\Application\Home\Controller\AdminController.class.php 第 132 行.
NOTIC: [8] Undefined index: code D:\WWW\weixin_tongshi\Application\Home\Controller\AdminController.class.php 第 39 行.
NOTIC: [8] Undefined property: stdClass::$UserId D:\WWW\weixin_tongshi\Application\Home\Controller\AdminController.class.php 第 50 行.
NOTIC: [2] json_decode() expects parameter 1 to be string, array given D:\WWW\weixin_tongshi\Application\Home\Controller\AdminController.class.php 第 75 行.
INFO: [ view_parse ] --START--
INFO: [ template_filter ] --START--
INFO: Run Behavior\ContentReplaceBehavior [ RunTime:0.016453s ]
INFO: [ template_filter ] --END-- [ RunTime:0.016752s ]
INFO: Run Behavior\ParseTemplateBehavior [ RunTime:0.159852s ]
INFO: [ view_parse ] --END-- [ RunTime:0.159995s ]
INFO: [ view_filter ] --START--
INFO: Run Behavior\WriteHtmlCacheBehavior [ RunTime:0.001501s ]
INFO: [ view_filter ] --END-- [ RunTime:0.001591s ]
INFO: [ app_end ] --START--
INFO: Run Behavior\ShowPageTraceBehavior [ RunTime:0.001748s ]
INFO: [ app_end ] --END-- [ RunTime:0.001850s ]

[ 2016-06-17T08:08:23+08:00 ] ::1 /weixin_tongshi/index.php/Home/Admin/tongxun
INFO: [ app_init ] --START--
INFO: Run Behavior\BuildLiteBehavior [ RunTime:0.000013s ]
INFO: [ app_init ] --END-- [ RunTime:0.000706s ]
INFO: [ app_begin ] --START--
INFO: Run Behavior\ReadHtmlCacheBehavior [ RunTime:0.000684s ]
INFO: [ app_begin ] --END-- [ RunTime:0.000728s ]
NOTIC: [8] A session had already been started - ignoring session_start() D:\WWW\weixin_tongshi\ThinkPHP\Common\functions.php 第 1263 行.
NOTIC: [2048] Declaration of Home\Controller\AdminController::show() should be compatible with Think\Controller::show($content, $charset = '', $contentType = '', $prefix = '') D:\WWW\weixin_tongshi\Application\Home\Controller\AdminController.class.php 第 150 行.
NOTIC: [8] A session had already been started - ignoring session_start() D:\WWW\weixin_tongshi\Application\Home\Controller\AdminController.class.php 第 7 行.
INFO: [ app_end ] --START--
INFO: Run Behavior\ShowPageTraceBehavior [ RunTime:0.002388s ]
INFO: [ app_end ] --END-- [ RunTime:0.002545s ]

[ 2016-06-17T08:08:53+08:00 ] ::1 /weixin_tongshi/index.php/home/admin/addhua
INFO: [ app_init ] --START--
INFO: Run Behavior\BuildLiteBehavior [ RunTime:0.000015s ]
INFO: [ app_init ] --END-- [ RunTime:0.000843s ]
INFO: [ app_begin ] --START--
INFO: Run Behavior\ReadHtmlCacheBehavior [ RunTime:0.000719s ]
INFO: [ app_begin ] --END-- [ RunTime:0.000783s ]
NOTIC: [8] A session had already been started - ignoring session_start() D:\WWW\weixin_tongshi\ThinkPHP\Common\functions.php 第 1263 行.
NOTIC: [2048] Declaration of Home\Controller\AdminController::show() should be compatible with Think\Controller::show($content, $charset = '', $contentType = '', $prefix = '') D:\WWW\weixin_tongshi\Application\Home\Controller\AdminController.class.php 第 150 行.
NOTIC: [8] A session had already been started - ignoring session_start() D:\WWW\weixin_tongshi\Application\Home\Controller\AdminController.class.php 第 7 行.
NOTIC: [8] Undefined index: code D:\WWW\weixin_tongshi\Application\Home\Controller\AdminController.class.php 第 39 行.
NOTIC: [8] Undefined property: stdClass::$UserId D:\WWW\weixin_tongshi\Application\Home\Controller\AdminController.class.php 第 50 行.
NOTIC: [2] json_decode() expects parameter 1 to be string, array given D:\WWW\weixin_tongshi\Application\Home\Controller\AdminController.class.php 第 75 行.
INFO: [ view_parse ] --START--
INFO: [ template_filter ] --START--
INFO: Run Behavior\ContentReplaceBehavior [ RunTime:0.000044s ]
INFO: [ template_filter ] --END-- [ RunTime:0.000099s ]
INFO: Run Behavior\ParseTemplateBehavior [ RunTime:0.006363s ]
INFO: [ view_parse ] --END-- [ RunTime:0.006420s ]
INFO: [ view_filter ] --START--
INFO: Run Behavior\WriteHtmlCacheBehavior [ RunTime:0.000515s ]
INFO: [ view_filter ] --END-- [ RunTime:0.000551s ]
INFO: [ app_end ] --START--
INFO: Run Behavior\ShowPageTraceBehavior [ RunTime:0.000718s ]
INFO: [ app_end ] --END-- [ RunTime:0.000756s ]

[ 2016-06-17T08:08:56+08:00 ] ::1 /weixin_tongshi/index.php/Home/Admin/tongxun
INFO: [ app_init ] --START--
INFO: Run Behavior\BuildLiteBehavior [ RunTime:0.000019s ]
INFO: [ app_init ] --END-- [ RunTime:0.000713s ]
INFO: [ app_begin ] --START--
INFO: Run Behavior\ReadHtmlCacheBehavior [ RunTime:0.000870s ]
INFO: [ app_begin ] --END-- [ RunTime:0.000926s ]
NOTIC: [8] A session had already been started - ignoring session_start() D:\WWW\weixin_tongshi\ThinkPHP\Common\functions.php 第 1263 行.
NOTIC: [2048] Declaration of Home\Controller\AdminController::show() should be compatible with Think\Controller::show($content, $charset = '', $contentType = '', $prefix = '') D:\WWW\weixin_tongshi\Application\Home\Controller\AdminController.class.php 第 150 行.
NOTIC: [8] A session had already been started - ignoring session_start() D:\WWW\weixin_tongshi\Application\Home\Controller\AdminController.class.php 第 7 行.
INFO: [ app_end ] --START--
INFO: Run Behavior\ShowPageTraceBehavior [ RunTime:0.002310s ]
INFO: [ app_end ] --END-- [ RunTime:0.002477s ]

[ 2016-06-17T08:16:47+08:00 ] ::1 /weixin_tongshi/index.php/home/admin/addhua
INFO: [ app_init ] --START--
INFO: Run Behavior\BuildLiteBehavior [ RunTime:0.000013s ]
INFO: [ app_init ] --END-- [ RunTime:0.000716s ]
INFO: [ app_begin ] --START--
INFO: Run Behavior\ReadHtmlCacheBehavior [ RunTime:0.001010s ]
INFO: [ app_begin ] --END-- [ RunTime:0.001070s ]
NOTIC: [8] A session had already been started - ignoring session_start() D:\WWW\weixin_tongshi\ThinkPHP\Common\functions.php 第 1263 行.
NOTIC: [2048] Declaration of Home\Controller\AdminController::show() should be compatible with Think\Controller::show($content, $charset = '', $contentType = '', $prefix = '') D:\WWW\weixin_tongshi\Application\Home\Controller\AdminController.class.php 第 156 行.
NOTIC: [8] A session had already been started - ignoring session_start() D:\WWW\weixin_tongshi\Application\Home\Controller\AdminController.class.php 第 7 行.
NOTIC: [8] Undefined index: code D:\WWW\weixin_tongshi\Application\Home\Controller\AdminController.class.php 第 39 行.
NOTIC: [8] Undefined property: stdClass::$UserId D:\WWW\weixin_tongshi\Application\Home\Controller\AdminController.class.php 第 50 行.
NOTIC: [2] json_decode() expects parameter 1 to be string, array given D:\WWW\weixin_tongshi\Application\Home\Controller\AdminController.class.php 第 75 行.
INFO: [ view_parse ] --START--
INFO: [ template_filter ] --START--
INFO: Run Behavior\ContentReplaceBehavior [ RunTime:0.000139s ]
INFO: [ template_filter ] --END-- [ RunTime:0.000301s ]
INFO: Run Behavior\ParseTemplateBehavior [ RunTime:0.021302s ]
INFO: [ view_parse ] --END-- [ RunTime:0.021481s ]
INFO: [ view_filter ] --START--
INFO: Run Behavior\WriteHtmlCacheBehavior [ RunTime:0.002578s ]
INFO: [ view_filter ] --END-- [ RunTime:0.002705s ]
INFO: [ app_end ] --START--
INFO: Run Behavior\ShowPageTraceBehavior [ RunTime:0.003321s ]
INFO: [ app_end ] --END-- [ RunTime:0.003493s ]

[ 2016-06-17T08:16:51+08:00 ] ::1 /weixin_tongshi/index.php/Home/Admin/tongxun
INFO: [ app_init ] --START--
INFO: Run Behavior\BuildLiteBehavior [ RunTime:0.000016s ]
INFO: [ app_init ] --END-- [ RunTime:0.000700s ]
INFO: [ app_begin ] --START--
INFO: Run Behavior\ReadHtmlCacheBehavior [ RunTime:0.000809s ]
INFO: [ app_begin ] --END-- [ RunTime:0.000871s ]
NOTIC: [8] A session had already been started - ignoring session_start() D:\WWW\weixin_tongshi\ThinkPHP\Common\functions.php 第 1263 行.
NOTIC: [2048] Declaration of Home\Controller\AdminController::show() should be compatible with Think\Controller::show($content, $charset = '', $contentType = '', $prefix = '') D:\WWW\weixin_tongshi\Application\Home\Controller\AdminController.class.php 第 156 行.
NOTIC: [8] A session had already been started - ignoring session_start() D:\WWW\weixin_tongshi\Application\Home\Controller\AdminController.class.php 第 7 行.
INFO: [ app_end ] --START--
INFO: Run Behavior\ShowPageTraceBehavior [ RunTime:0.002760s ]
INFO: [ app_end ] --END-- [ RunTime:0.002920s ]

[ 2016-06-17T08:17:09+08:00 ] ::1 /weixin_tongshi/index.php/home/admin/addhua
INFO: [ app_init ] --START--
INFO: Run Behavior\BuildLiteBehavior [ RunTime:0.000013s ]
INFO: [ app_init ] --END-- [ RunTime:0.000630s ]
INFO: [ app_begin ] --START--
INFO: Run Behavior\ReadHtmlCacheBehavior [ RunTime:0.000699s ]
INFO: [ app_begin ] --END-- [ RunTime:0.000748s ]
NOTIC: [8] A session had already been started - ignoring session_start() D:\WWW\weixin_tongshi\ThinkPHP\Common\functions.php 第 1263 行.
NOTIC: [2048] Declaration of Home\Controller\AdminController::show() should be compatible with Think\Controller::show($content, $charset = '', $contentType = '', $prefix = '') D:\WWW\weixin_tongshi\Application\Home\Controller\AdminController.class.php 第 156 行.
NOTIC: [8] A session had already been started - ignoring session_start() D:\WWW\weixin_tongshi\Application\Home\Controller\AdminController.class.php 第 7 行.
NOTIC: [8] Undefined index: code D:\WWW\weixin_tongshi\Application\Home\Controller\AdminController.class.php 第 39 行.
NOTIC: [8] Undefined property: stdClass::$UserId D:\WWW\weixin_tongshi\Application\Home\Controller\AdminController.class.php 第 50 行.
NOTIC: [2] json_decode() expects parameter 1 to be string, array given D:\WWW\weixin_tongshi\Application\Home\Controller\AdminController.class.php 第 75 行.
INFO: [ view_parse ] --START--
INFO: [ template_filter ] --START--
INFO: Run Behavior\ContentReplaceBehavior [ RunTime:0.000045s ]
INFO: [ template_filter ] --END-- [ RunTime:0.000098s ]
INFO: Run Behavior\ParseTemplateBehavior [ RunTime:0.006348s ]
INFO: [ view_parse ] --END-- [ RunTime:0.006422s ]
INFO: [ view_filter ] --START--
INFO: Run Behavior\WriteHtmlCacheBehavior [ RunTime:0.000719s ]
INFO: [ view_filter ] --END-- [ RunTime:0.000771s ]
INFO: [ app_end ] --START--
INFO: Run Behavior\ShowPageTraceBehavior [ RunTime:0.000777s ]
INFO: [ app_end ] --END-- [ RunTime:0.000821s ]

[ 2016-06-17T08:17:33+08:00 ] ::1 /weixin_tongshi/index.php/Home/Admin/tongxun
INFO: [ app_init ] --START--
INFO: Run Behavior\BuildLiteBehavior [ RunTime:0.000014s ]
INFO: [ app_init ] --END-- [ RunTime:0.000580s ]
INFO: [ app_begin ] --START--
INFO: Run Behavior\ReadHtmlCacheBehavior [ RunTime:0.000680s ]
INFO: [ app_begin ] --END-- [ RunTime:0.000731s ]
NOTIC: [8] A session had already been started - ignoring session_start() D:\WWW\weixin_tongshi\ThinkPHP\Common\functions.php 第 1263 行.
NOTIC: [2048] Declaration of Home\Controller\AdminController::show() should be compatible with Think\Controller::show($content, $charset = '', $contentType = '', $prefix = '') D:\WWW\weixin_tongshi\Application\Home\Controller\AdminController.class.php 第 156 行.
NOTIC: [8] A session had already been started - ignoring session_start() D:\WWW\weixin_tongshi\Application\Home\Controller\AdminController.class.php 第 7 行.
INFO: [ app_end ] --START--
INFO: Run Behavior\ShowPageTraceBehavior [ RunTime:0.002635s ]
INFO: [ app_end ] --END-- [ RunTime:0.002825s ]

[ 2016-06-17T08:29:10+08:00 ] ::1 /weixin_tongshi/index.php/home/admin/addhua
INFO: [ app_init ] --START--
INFO: Run Behavior\BuildLiteBehavior [ RunTime:0.000013s ]
INFO: [ app_init ] --END-- [ RunTime:0.000704s ]
INFO: [ app_begin ] --START--
INFO: Run Behavior\ReadHtmlCacheBehavior [ RunTime:0.000922s ]
INFO: [ app_begin ] --END-- [ RunTime:0.000985s ]
NOTIC: [8] A session had already been started - ignoring session_start() D:\WWW\weixin_tongshi\ThinkPHP\Common\functions.php 第 1263 行.
NOTIC: [2048] Declaration of Home\Controller\AdminController::show() should be compatible with Think\Controller::show($content, $charset = '', $contentType = '', $prefix = '') D:\WWW\weixin_tongshi\Application\Home\Controller\AdminController.class.php 第 159 行.
NOTIC: [8] A session had already been started - ignoring session_start() D:\WWW\weixin_tongshi\Application\Home\Controller\AdminController.class.php 第 7 行.
NOTIC: [8] Undefined index: code D:\WWW\weixin_tongshi\Application\Home\Controller\AdminController.class.php 第 39 行.
NOTIC: [8] Undefined property: stdClass::$UserId D:\WWW\weixin_tongshi\Application\Home\Controller\AdminController.class.php 第 50 行.
NOTIC: [2] json_decode() expects parameter 1 to be string, array given D:\WWW\weixin_tongshi\Application\Home\Controller\AdminController.class.php 第 75 行.
INFO: [ view_parse ] --START--
INFO: [ template_filter ] --START--
INFO: Run Behavior\ContentReplaceBehavior [ RunTime:0.000141s ]
INFO: [ template_filter ] --END-- [ RunTime:0.000284s ]
INFO: Run Behavior\ParseTemplateBehavior [ RunTime:0.023790s ]
INFO: [ view_parse ] --END-- [ RunTime:0.024042s ]
INFO: [ view_filter ] --START--
INFO: Run Behavior\WriteHtmlCacheBehavior [ RunTime:0.002829s ]
INFO: [ view_filter ] --END-- [ RunTime:0.003020s ]
INFO: [ app_end ] --START--
INFO: Run Behavior\ShowPageTraceBehavior [ RunTime:0.002789s ]
INFO: [ app_end ] --END-- [ RunTime:0.002924s ]

[ 2016-06-17T08:29:39+08:00 ] ::1 /weixin_tongshi/index.php/home/admin/addhua
INFO: [ app_init ] --START--
INFO: Run Behavior\BuildLiteBehavior [ RunTime:0.000020s ]
INFO: [ app_init ] --END-- [ RunTime:0.000763s ]
INFO: [ app_begin ] --START--
INFO: Run Behavior\ReadHtmlCacheBehavior [ RunTime:0.000782s ]
INFO: [ app_begin ] --END-- [ RunTime:0.000853s ]
NOTIC: [8] A session had already been started - ignoring session_start() D:\WWW\weixin_tongshi\ThinkPHP\Common\functions.php 第 1263 行.
NOTIC: [2048] Declaration of Home\Controller\AdminController::show() should be compatible with Think\Controller::show($content, $charset = '', $contentType = '', $prefix = '') D:\WWW\weixin_tongshi\Application\Home\Controller\AdminController.class.php 第 159 行.
NOTIC: [8] A session had already been started - ignoring session_start() D:\WWW\weixin_tongshi\Application\Home\Controller\AdminController.class.php 第 7 行.
NOTIC: [8] Undefined index: code D:\WWW\weixin_tongshi\Application\Home\Controller\AdminController.class.php 第 39 行.
NOTIC: [8] Undefined property: stdClass::$UserId D:\WWW\weixin_tongshi\Application\Home\Controller\AdminController.class.php 第 50 行.
NOTIC: [2] json_decode() expects parameter 1 to be string, array given D:\WWW\weixin_tongshi\Application\Home\Controller\AdminController.class.php 第 75 行.
INFO: [ view_parse ] --START--
INFO: [ template_filter ] --START--
INFO: Run Behavior\ContentReplaceBehavior [ RunTime:0.000053s ]
INFO: [ template_filter ] --END-- [ RunTime:0.000109s ]
INFO: Run Behavior\ParseTemplateBehavior [ RunTime:0.006817s ]
INFO: [ view_parse ] --END-- [ RunTime:0.006881s ]
INFO: [ view_filter ] --START--
INFO: Run Behavior\WriteHtmlCacheBehavior [ RunTime:0.000532s ]
INFO: [ view_filter ] --END-- [ RunTime:0.000568s ]
INFO: [ app_end ] --START--
INFO: Run Behavior\ShowPageTraceBehavior [ RunTime:0.000770s ]
INFO: [ app_end ] --END-- [ RunTime:0.000811s ]

[ 2016-06-17T08:29:51+08:00 ] ::1 /weixin_tongshi/index.php/home/admin/addhua
INFO: [ app_init ] --START--
INFO: Run Behavior\BuildLiteBehavior [ RunTime:0.000013s ]
INFO: [ app_init ] --END-- [ RunTime:0.000727s ]
INFO: [ app_begin ] --START--
INFO: Run Behavior\ReadHtmlCacheBehavior [ RunTime:0.000694s ]
INFO: [ app_begin ] --END-- [ RunTime:0.000740s ]
NOTIC: [8] A session had already been started - ignoring session_start() D:\WWW\weixin_tongshi\ThinkPHP\Common\functions.php 第 1263 行.
NOTIC: [2048] Declaration of Home\Controller\AdminController::show() should be compatible with Think\Controller::show($content, $charset = '', $contentType = '', $prefix = '') D:\WWW\weixin_tongshi\Application\Home\Controller\AdminController.class.php 第 159 行.
NOTIC: [8] A session had already been started - ignoring session_start() D:\WWW\weixin_tongshi\Application\Home\Controller\AdminController.class.php 第 7 行.
NOTIC: [8] Undefined index: code D:\WWW\weixin_tongshi\Application\Home\Controller\AdminController.class.php 第 39 行.
NOTIC: [8] Undefined property: stdClass::$UserId D:\WWW\weixin_tongshi\Application\Home\Controller\AdminController.class.php 第 50 行.
NOTIC: [2] json_decode() expects parameter 1 to be string, array given D:\WWW\weixin_tongshi\Application\Home\Controller\AdminController.class.php 第 75 行.
INFO: [ view_parse ] --START--
INFO: [ template_filter ] --START--
INFO: Run Behavior\ContentReplaceBehavior [ RunTime:0.000081s ]
INFO: [ template_filter ] --END-- [ RunTime:0.000176s ]
INFO: Run Behavior\ParseTemplateBehavior [ RunTime:0.009940s ]
INFO: [ view_parse ] --END-- [ RunTime:0.010041s ]
INFO: [ view_filter ] --START--
INFO: Run Behavior\WriteHtmlCacheBehavior [ RunTime:0.000770s ]
INFO: [ view_filter ] --END-- [ RunTime:0.000843s ]
INFO: [ app_end ] --START--
INFO: Run Behavior\ShowPageTraceBehavior [ RunTime:0.001074s ]
INFO: [ app_end ] --END-- [ RunTime:0.001153s ]

[ 2016-06-17T08:30:10+08:00 ] ::1 /weixin_tongshi/index.php/home/admin/addhua
INFO: [ app_init ] --START--
INFO: Run Behavior\BuildLiteBehavior [ RunTime:0.000014s ]
INFO: [ app_init ] --END-- [ RunTime:0.000789s ]
INFO: [ app_begin ] --START--
INFO: Run Behavior\ReadHtmlCacheBehavior [ RunTime:0.000788s ]
INFO: [ app_begin ] --END-- [ RunTime:0.000847s ]
NOTIC: [8] A session had already been started - ignoring session_start() D:\WWW\weixin_tongshi\ThinkPHP\Common\functions.php 第 1263 行.
NOTIC: [2048] Declaration of Home\Controller\AdminController::show() should be compatible with Think\Controller::show($content, $charset = '', $contentType = '', $prefix = '') D:\WWW\weixin_tongshi\Application\Home\Controller\AdminController.class.php 第 159 行.
NOTIC: [8] A session had already been started - ignoring session_start() D:\WWW\weixin_tongshi\Application\Home\Controller\AdminController.class.php 第 7 行.
NOTIC: [8] Undefined index: code D:\WWW\weixin_tongshi\Application\Home\Controller\AdminController.class.php 第 39 行.
NOTIC: [8] Undefined property: stdClass::$UserId D:\WWW\weixin_tongshi\Application\Home\Controller\AdminController.class.php 第 50 行.
NOTIC: [2] json_decode() expects parameter 1 to be string, array given D:\WWW\weixin_tongshi\Application\Home\Controller\AdminController.class.php 第 75 行.
INFO: [ view_parse ] --START--
INFO: [ template_filter ] --START--
INFO: Run Behavior\ContentReplaceBehavior [ RunTime:0.000085s ]
INFO: [ template_filter ] --END-- [ RunTime:0.000179s ]
INFO: Run Behavior\ParseTemplateBehavior [ RunTime:0.011680s ]
INFO: [ view_parse ] --END-- [ RunTime:0.011807s ]
INFO: [ view_filter ] --START--
INFO: Run Behavior\WriteHtmlCacheBehavior [ RunTime:0.001226s ]
INFO: [ view_filter ] --END-- [ RunTime:0.001324s ]
INFO: [ app_end ] --START--
INFO: Run Behavior\ShowPageTraceBehavior [ RunTime:0.001398s ]
INFO: [ app_end ] --END-- [ RunTime:0.001484s ]

[ 2016-06-17T08:30:47+08:00 ] ::1 /weixin_tongshi/index.php/home/admin/addhua
INFO: [ app_init ] --START--
INFO: Run Behavior\BuildLiteBehavior [ RunTime:0.000016s ]
INFO: [ app_init ] --END-- [ RunTime:0.000846s ]
INFO: [ app_begin ] --START--
INFO: Run Behavior\ReadHtmlCacheBehavior [ RunTime:0.001249s ]
INFO: [ app_begin ] --END-- [ RunTime:0.001387s ]
NOTIC: [8] A session had already been started - ignoring session_start() D:\WWW\weixin_tongshi\ThinkPHP\Common\functions.php 第 1263 行.
NOTIC: [2048] Declaration of Home\Controller\AdminController::show() should be compatible with Think\Controller::show($content, $charset = '', $contentType = '', $prefix = '') D:\WWW\weixin_tongshi\Application\Home\Controller\AdminController.class.php 第 159 行.
NOTIC: [8] A session had already been started - ignoring session_start() D:\WWW\weixin_tongshi\Application\Home\Controller\AdminController.class.php 第 7 行.
NOTIC: [8] Undefined index: code D:\WWW\weixin_tongshi\Application\Home\Controller\AdminController.class.php 第 39 行.
NOTIC: [8] Undefined property: stdClass::$UserId D:\WWW\weixin_tongshi\Application\Home\Controller\AdminController.class.php 第 50 行.
NOTIC: [2] json_decode() expects parameter 1 to be string, array given D:\WWW\weixin_tongshi\Application\Home\Controller\AdminController.class.php 第 75 行.
INFO: [ view_parse ] --START--
INFO: [ template_filter ] --START--
INFO: Run Behavior\ContentReplaceBehavior [ RunTime:0.000296s ]
INFO: [ template_filter ] --END-- [ RunTime:0.000619s ]
INFO: Run Behavior\ParseTemplateBehavior [ RunTime:0.021709s ]
INFO: [ view_parse ] --END-- [ RunTime:0.021927s ]
INFO: [ view_filter ] --START--
INFO: Run Behavior\WriteHtmlCacheBehavior [ RunTime:0.002195s ]
INFO: [ view_filter ] --END-- [ RunTime:0.002346s ]
INFO: [ app_end ] --START--
INFO: Run Behavior\ShowPageTraceBehavior [ RunTime:0.002168s ]
INFO: [ app_end ] --END-- [ RunTime:0.002320s ]

[ 2016-06-17T08:31:38+08:00 ] ::1 /weixin_tongshi/index.php/home/admin/addhua
INFO: [ app_init ] --START--
INFO: Run Behavior\BuildLiteBehavior [ RunTime:0.000013s ]
INFO: [ app_init ] --END-- [ RunTime:0.000611s ]
INFO: [ app_begin ] --START--
INFO: Run Behavior\ReadHtmlCacheBehavior [ RunTime:0.000950s ]
INFO: [ app_begin ] --END-- [ RunTime:0.000998s ]
NOTIC: [8] A session had already been started - ignoring session_start() D:\WWW\weixin_tongshi\ThinkPHP\Common\functions.php 第 1263 行.
NOTIC: [2048] Declaration of Home\Controller\AdminController::show() should be compatible with Think\Controller::show($content, $charset = '', $contentType = '', $prefix = '') D:\WWW\weixin_tongshi\Application\Home\Controller\AdminController.class.php 第 159 行.
NOTIC: [8] A session had already been started - ignoring session_start() D:\WWW\weixin_tongshi\Application\Home\Controller\AdminController.class.php 第 7 行.
NOTIC: [8] Undefined index: code D:\WWW\weixin_tongshi\Application\Home\Controller\AdminController.class.php 第 39 行.
NOTIC: [8] Undefined property: stdClass::$UserId D:\WWW\weixin_tongshi\Application\Home\Controller\AdminController.class.php 第 50 行.
NOTIC: [2] json_decode() expects parameter 1 to be string, array given D:\WWW\weixin_tongshi\Application\Home\Controller\AdminController.class.php 第 75 行.
INFO: [ view_parse ] --START--
INFO: [ template_filter ] --START--
INFO: Run Behavior\ContentReplaceBehavior [ RunTime:0.000071s ]
INFO: [ template_filter ] --END-- [ RunTime:0.000145s ]
INFO: Run Behavior\ParseTemplateBehavior [ RunTime:0.009665s ]
INFO: [ view_parse ] --END-- [ RunTime:0.009726s ]
INFO: [ view_filter ] --START--
INFO: Run Behavior\WriteHtmlCacheBehavior [ RunTime:0.000727s ]
INFO: [ view_filter ] --END-- [ RunTime:0.000767s ]
INFO: [ app_end ] --START--
INFO: Run Behavior\ShowPageTraceBehavior [ RunTime:0.000856s ]
INFO: [ app_end ] --END-- [ RunTime:0.000898s ]

[ 2016-06-17T08:31:50+08:00 ] ::1 /weixin_tongshi/index.php/home/admin/addhua
INFO: [ app_init ] --START--
INFO: Run Behavior\BuildLiteBehavior [ RunTime:0.000014s ]
INFO: [ app_init ] --END-- [ RunTime:0.000686s ]
INFO: [ app_begin ] --START--
INFO: Run Behavior\ReadHtmlCacheBehavior [ RunTime:0.001007s ]
INFO: [ app_begin ] --END-- [ RunTime:0.001062s ]
NOTIC: [8] A session had already been started - ignoring session_start() D:\WWW\weixin_tongshi\ThinkPHP\Common\functions.php 第 1263 行.
NOTIC: [2048] Declaration of Home\Controller\AdminController::show() should be compatible with Think\Controller::show($content, $charset = '', $contentType = '', $prefix = '') D:\WWW\weixin_tongshi\Application\Home\Controller\AdminController.class.php 第 159 行.
NOTIC: [8] A session had already been started - ignoring session_start() D:\WWW\weixin_tongshi\Application\Home\Controller\AdminController.class.php 第 7 行.
NOTIC: [8] Undefined index: code D:\WWW\weixin_tongshi\Application\Home\Controller\AdminController.class.php 第 39 行.
NOTIC: [8] Undefined property: stdClass::$UserId D:\WWW\weixin_tongshi\Application\Home\Controller\AdminController.class.php 第 50 行.
NOTIC: [2] json_decode() expects parameter 1 to be string, array given D:\WWW\weixin_tongshi\Application\Home\Controller\AdminController.class.php 第 75 行.
INFO: [ view_parse ] --START--
INFO: [ template_filter ] --START--
INFO: Run Behavior\ContentReplaceBehavior [ RunTime:0.000188s ]
INFO: [ template_filter ] --END-- [ RunTime:0.000449s ]
INFO: Run Behavior\ParseTemplateBehavior [ RunTime:0.024881s ]
INFO: [ view_parse ] --END-- [ RunTime:0.025060s ]
INFO: [ view_filter ] --START--
INFO: Run Behavior\WriteHtmlCacheBehavior [ RunTime:0.002219s ]
INFO: [ view_filter ] --END-- [ RunTime:0.002383s ]
INFO: [ app_end ] --START--
INFO: Run Behavior\ShowPageTraceBehavior [ RunTime:0.002712s ]
INFO: [ app_end ] --END-- [ RunTime:0.002840s ]

[ 2016-06-17T08:32:00+08:00 ] ::1 /weixin_tongshi/index.php/home/admin/addhua
INFO: [ app_init ] --START--
INFO: Run Behavior\BuildLiteBehavior [ RunTime:0.000014s ]
INFO: [ app_init ] --END-- [ RunTime:0.000710s ]
INFO: [ app_begin ] --START--
INFO: Run Behavior\ReadHtmlCacheBehavior [ RunTime:0.000682s ]
INFO: [ app_begin ] --END-- [ RunTime:0.000732s ]
NOTIC: [8] A session had already been started - ignoring session_start() D:\WWW\weixin_tongshi\ThinkPHP\Common\functions.php 第 1263 行.
NOTIC: [2048] Declaration of Home\Controller\AdminController::show() should be compatible with Think\Controller::show($content, $charset = '', $contentType = '', $prefix = '') D:\WWW\weixin_tongshi\Application\Home\Controller\AdminController.class.php 第 159 行.
NOTIC: [8] A session had already been started - ignoring session_start() D:\WWW\weixin_tongshi\Application\Home\Controller\AdminController.class.php 第 7 行.
NOTIC: [8] Undefined index: code D:\WWW\weixin_tongshi\Application\Home\Controller\AdminController.class.php 第 39 行.
NOTIC: [8] Undefined property: stdClass::$UserId D:\WWW\weixin_tongshi\Application\Home\Controller\AdminController.class.php 第 50 行.
NOTIC: [2] json_decode() expects parameter 1 to be string, array given D:\WWW\weixin_tongshi\Application\Home\Controller\AdminController.class.php 第 75 行.
INFO: [ view_parse ] --START--
INFO: [ template_filter ] --START--
INFO: Run Behavior\ContentReplaceBehavior [ RunTime:0.000062s ]
INFO: [ template_filter ] --END-- [ RunTime:0.000131s ]
INFO: Run Behavior\ParseTemplateBehavior [ RunTime:0.008325s ]
INFO: [ view_parse ] --END-- [ RunTime:0.008383s ]
INFO: [ view_filter ] --START--
INFO: Run Behavior\WriteHtmlCacheBehavior [ RunTime:0.000484s ]
INFO: [ view_filter ] --END-- [ RunTime:0.000523s ]
INFO: [ app_end ] --START--
INFO: Run Behavior\ShowPageTraceBehavior [ RunTime:0.000693s ]
INFO: [ app_end ] --END-- [ RunTime:0.000735s ]

[ 2016-06-17T08:32:41+08:00 ] ::1 /weixin_tongshi/index.php/home/admin/addhua
INFO: [ app_init ] --START--
INFO: Run Behavior\BuildLiteBehavior [ RunTime:0.000016s ]
INFO: [ app_init ] --END-- [ RunTime:0.001060s ]
INFO: [ app_begin ] --START--
INFO: Run Behavior\ReadHtmlCacheBehavior [ RunTime:0.000704s ]
INFO: [ app_begin ] --END-- [ RunTime:0.000760s ]
NOTIC: [8] A session had already been started - ignoring session_start() D:\WWW\weixin_tongshi\ThinkPHP\Common\functions.php 第 1263 行.
NOTIC: [2048] Declaration of Home\Controller\AdminController::show() should be compatible with Think\Controller::show($content, $charset = '', $contentType = '', $prefix = '') D:\WWW\weixin_tongshi\Application\Home\Controller\AdminController.class.php 第 159 行.
NOTIC: [8] A session had already been started - ignoring session_start() D:\WWW\weixin_tongshi\Application\Home\Controller\AdminController.class.php 第 7 行.
NOTIC: [8] Undefined index: code D:\WWW\weixin_tongshi\Application\Home\Controller\AdminController.class.php 第 39 行.
NOTIC: [8] Undefined property: stdClass::$UserId D:\WWW\weixin_tongshi\Application\Home\Controller\AdminController.class.php 第 50 行.
NOTIC: [2] json_decode() expects parameter 1 to be string, array given D:\WWW\weixin_tongshi\Application\Home\Controller\AdminController.class.php 第 75 行.
INFO: [ view_parse ] --START--
INFO: [ template_filter ] --START--
INFO: Run Behavior\ContentReplaceBehavior [ RunTime:0.000182s ]
INFO: [ template_filter ] --END-- [ RunTime:0.000375s ]
INFO: Run Behavior\ParseTemplateBehavior [ RunTime:0.019752s ]
INFO: [ view_parse ] --END-- [ RunTime:0.019969s ]
INFO: [ view_filter ] --START--
INFO: Run Behavior\WriteHtmlCacheBehavior [ RunTime:0.001633s ]
INFO: [ view_filter ] --END-- [ RunTime:0.001757s ]
INFO: [ app_end ] --START--
INFO: Run Behavior\ShowPageTraceBehavior [ RunTime:0.002400s ]
INFO: [ app_end ] --END-- [ RunTime:0.002573s ]

[ 2016-06-17T08:37:34+08:00 ] ::1 /weixin_tongshi/index.php/home/admin/addhua
INFO: [ app_init ] --START--
INFO: Run Behavior\BuildLiteBehavior [ RunTime:0.000012s ]
INFO: [ app_init ] --END-- [ RunTime:0.000735s ]
INFO: [ app_begin ] --START--
INFO: Run Behavior\ReadHtmlCacheBehavior [ RunTime:0.000947s ]
INFO: [ app_begin ] --END-- [ RunTime:0.000997s ]
NOTIC: [8] A session had already been started - ignoring session_start() D:\WWW\weixin_tongshi\ThinkPHP\Common\functions.php 第 1263 行.
NOTIC: [2048] Declaration of Home\Controller\AdminController::show() should be compatible with Think\Controller::show($content, $charset = '', $contentType = '', $prefix = '') D:\WWW\weixin_tongshi\Application\Home\Controller\AdminController.class.php 第 159 行.
NOTIC: [8] A session had already been started - ignoring session_start() D:\WWW\weixin_tongshi\Application\Home\Controller\AdminController.class.php 第 7 行.
NOTIC: [8] Undefined index: code D:\WWW\weixin_tongshi\Application\Home\Controller\AdminController.class.php 第 39 行.
NOTIC: [8] Undefined property: stdClass::$UserId D:\WWW\weixin_tongshi\Application\Home\Controller\AdminController.class.php 第 50 行.
NOTIC: [2] json_decode() expects parameter 1 to be string, array given D:\WWW\weixin_tongshi\Application\Home\Controller\AdminController.class.php 第 75 行.
INFO: [ view_parse ] --START--
INFO: [ template_filter ] --START--
INFO: Run Behavior\ContentReplaceBehavior [ RunTime:0.000168s ]
INFO: [ template_filter ] --END-- [ RunTime:0.000346s ]
INFO: Run Behavior\ParseTemplateBehavior [ RunTime:0.022300s ]
INFO: [ view_parse ] --END-- [ RunTime:0.022562s ]
INFO: [ view_filter ] --START--
INFO: Run Behavior\WriteHtmlCacheBehavior [ RunTime:0.003189s ]
INFO: [ view_filter ] --END-- [ RunTime:0.003337s ]
INFO: [ app_end ] --START--
INFO: Run Behavior\ShowPageTraceBehavior [ RunTime:0.003515s ]
INFO: [ app_end ] --END-- [ RunTime:0.003696s ]

[ 2016-06-17T08:37:49+08:00 ] ::1 /weixin_tongshi/index.php/home/admin/addhua
INFO: [ app_init ] --START--
INFO: Run Behavior\BuildLiteBehavior [ RunTime:0.000013s ]
INFO: [ app_init ] --END-- [ RunTime:0.000637s ]
INFO: [ app_begin ] --START--
INFO: Run Behavior\ReadHtmlCacheBehavior [ RunTime:0.000712s ]
INFO: [ app_begin ] --END-- [ RunTime:0.000758s ]
NOTIC: [8] A session had already been started - ignoring session_start() D:\WWW\weixin_tongshi\ThinkPHP\Common\functions.php 第 1263 行.
NOTIC: [2048] Declaration of Home\Controller\AdminController::show() should be compatible with Think\Controller::show($content, $charset = '', $contentType = '', $prefix = '') D:\WWW\weixin_tongshi\Application\Home\Controller\AdminController.class.php 第 159 行.
NOTIC: [8] A session had already been started - ignoring session_start() D:\WWW\weixin_tongshi\Application\Home\Controller\AdminController.class.php 第 7 行.
NOTIC: [8] Undefined index: code D:\WWW\weixin_tongshi\Application\Home\Controller\AdminController.class.php 第 39 行.
NOTIC: [8] Undefined property: stdClass::$UserId D:\WWW\weixin_tongshi\Application\Home\Controller\AdminController.class.php 第 50 行.
NOTIC: [2] json_decode() expects parameter 1 to be string, array given D:\WWW\weixin_tongshi\Application\Home\Controller\AdminController.class.php 第 75 行.
INFO: [ view_parse ] --START--
INFO: [ template_filter ] --START--
INFO: Run Behavior\ContentReplaceBehavior [ RunTime:0.000057s ]
INFO: [ template_filter ] --END-- [ RunTime:0.000122s ]
INFO: Run Behavior\ParseTemplateBehavior [ RunTime:0.006446s ]
INFO: [ view_parse ] --END-- [ RunTime:0.006524s ]
INFO: [ view_filter ] --START--
INFO: Run Behavior\WriteHtmlCacheBehavior [ RunTime:0.000573s ]
INFO: [ view_filter ] --END-- [ RunTime:0.000611s ]
INFO: [ app_end ] --START--
INFO: Run Behavior\ShowPageTraceBehavior [ RunTime:0.000789s ]
INFO: [ app_end ] --END-- [ RunTime:0.000838s ]

[ 2016-06-17T08:38:19+08:00 ] ::1 /weixin_tongshi/index.php/home/admin/addhua
INFO: [ app_init ] --START--
INFO: Run Behavior\BuildLiteBehavior [ RunTime:0.000014s ]
INFO: [ app_init ] --END-- [ RunTime:0.000775s ]
INFO: [ app_begin ] --START--
INFO: Run Behavior\ReadHtmlCacheBehavior [ RunTime:0.000934s ]
INFO: [ app_begin ] --END-- [ RunTime:0.001014s ]
NOTIC: [8] A session had already been started - ignoring session_start() D:\WWW\weixin_tongshi\ThinkPHP\Common\functions.php 第 1263 行.
NOTIC: [2048] Declaration of Home\Controller\AdminController::show() should be compatible with Think\Controller::show($content, $charset = '', $contentType = '', $prefix = '') D:\WWW\weixin_tongshi\Application\Home\Controller\AdminController.class.php 第 159 行.
NOTIC: [8] A session had already been started - ignoring session_start() D:\WWW\weixin_tongshi\Application\Home\Controller\AdminController.class.php 第 7 行.
NOTIC: [8] Undefined index: code D:\WWW\weixin_tongshi\Application\Home\Controller\AdminController.class.php 第 39 行.
NOTIC: [8] Undefined property: stdClass::$UserId D:\WWW\weixin_tongshi\Application\Home\Controller\AdminController.class.php 第 50 行.
NOTIC: [2] json_decode() expects parameter 1 to be string, array given D:\WWW\weixin_tongshi\Application\Home\Controller\AdminController.class.php 第 75 行.
INFO: [ view_parse ] --START--
INFO: [ template_filter ] --START--
INFO: Run Behavior\ContentReplaceBehavior [ RunTime:0.000177s ]
INFO: [ template_filter ] --END-- [ RunTime:0.000351s ]
INFO: Run Behavior\ParseTemplateBehavior [ RunTime:0.024036s ]
INFO: [ view_parse ] --END-- [ RunTime:0.024188s ]
INFO: [ view_filter ] --START--
INFO: Run Behavior\WriteHtmlCacheBehavior [ RunTime:0.001289s ]
INFO: [ view_filter ] --END-- [ RunTime:0.001362s ]
INFO: [ app_end ] --START--
INFO: Run Behavior\ShowPageTraceBehavior [ RunTime:0.000915s ]
INFO: [ app_end ] --END-- [ RunTime:0.000959s ]

[ 2016-06-17T08:39:49+08:00 ] ::1 /weixin_tongshi/index.php/home/admin/addhua
INFO: [ app_init ] --START--
INFO: Run Behavior\BuildLiteBehavior [ RunTime:0.000013s ]
INFO: [ app_init ] --END-- [ RunTime:0.000695s ]
INFO: [ app_begin ] --START--
INFO: Run Behavior\ReadHtmlCacheBehavior [ RunTime:0.000897s ]
INFO: [ app_begin ] --END-- [ RunTime:0.000947s ]
NOTIC: [8] A session had already been started - ignoring session_start() D:\WWW\weixin_tongshi\ThinkPHP\Common\functions.php 第 1263 行.
NOTIC: [2048] Declaration of Home\Controller\AdminController::show() should be compatible with Think\Controller::show($content, $charset = '', $contentType = '', $prefix = '') D:\WWW\weixin_tongshi\Application\Home\Controller\AdminController.class.php 第 159 行.
NOTIC: [8] A session had already been started - ignoring session_start() D:\WWW\weixin_tongshi\Application\Home\Controller\AdminController.class.php 第 7 行.
NOTIC: [8] Undefined index: code D:\WWW\weixin_tongshi\Application\Home\Controller\AdminController.class.php 第 39 行.
NOTIC: [8] Undefined property: stdClass::$UserId D:\WWW\weixin_tongshi\Application\Home\Controller\AdminController.class.php 第 50 行.
NOTIC: [2] json_decode() expects parameter 1 to be string, array given D:\WWW\weixin_tongshi\Application\Home\Controller\AdminController.class.php 第 75 行.
INFO: [ view_parse ] --START--
INFO: [ template_filter ] --START--
INFO: Run Behavior\ContentReplaceBehavior [ RunTime:0.000075s ]
INFO: [ template_filter ] --END-- [ RunTime:0.000148s ]
INFO: Run Behavior\ParseTemplateBehavior [ RunTime:0.008360s ]
INFO: [ view_parse ] --END-- [ RunTime:0.008423s ]
INFO: [ view_filter ] --START--
INFO: Run Behavior\WriteHtmlCacheBehavior [ RunTime:0.000683s ]
INFO: [ view_filter ] --END-- [ RunTime:0.000726s ]
INFO: [ app_end ] --START--
INFO: Run Behavior\ShowPageTraceBehavior [ RunTime:0.000857s ]
INFO: [ app_end ] --END-- [ RunTime:0.000902s ]

[ 2016-06-17T08:40:36+08:00 ] ::1 /weixin_tongshi/index.php/home/admin/addhua
INFO: [ app_init ] --START--
INFO: Run Behavior\BuildLiteBehavior [ RunTime:0.000032s ]
INFO: [ app_init ] --END-- [ RunTime:0.001453s ]
INFO: [ app_begin ] --START--
INFO: Run Behavior\ReadHtmlCacheBehavior [ RunTime:0.000701s ]
INFO: [ app_begin ] --END-- [ RunTime:0.000754s ]
NOTIC: [8] A session had already been started - ignoring session_start() D:\WWW\weixin_tongshi\ThinkPHP\Common\functions.php 第 1263 行.
NOTIC: [2048] Declaration of Home\Controller\AdminController::show() should be compatible with Think\Controller::show($content, $charset = '', $contentType = '', $prefix = '') D:\WWW\weixin_tongshi\Application\Home\Controller\AdminController.class.php 第 159 行.
NOTIC: [8] A session had already been started - ignoring session_start() D:\WWW\weixin_tongshi\Application\Home\Controller\AdminController.class.php 第 7 行.
NOTIC: [8] Undefined index: code D:\WWW\weixin_tongshi\Application\Home\Controller\AdminController.class.php 第 39 行.
NOTIC: [8] Undefined property: stdClass::$UserId D:\WWW\weixin_tongshi\Application\Home\Controller\AdminController.class.php 第 50 行.
NOTIC: [2] json_decode() expects parameter 1 to be string, array given D:\WWW\weixin_tongshi\Application\Home\Controller\AdminController.class.php 第 75 行.
INFO: [ view_parse ] --START--
INFO: [ template_filter ] --START--
INFO: Run Behavior\ContentReplaceBehavior [ RunTime:0.000122s ]
INFO: [ template_filter ] --END-- [ RunTime:0.000251s ]
INFO: Run Behavior\ParseTemplateBehavior [ RunTime:0.017797s ]
INFO: [ view_parse ] --END-- [ RunTime:0.017958s ]
INFO: [ view_filter ] --START--
INFO: Run Behavior\WriteHtmlCacheBehavior [ RunTime:0.001448s ]
INFO: [ view_filter ] --END-- [ RunTime:0.001556s ]
INFO: [ app_end ] --START--
INFO: Run Behavior\ShowPageTraceBehavior [ RunTime:0.001930s ]
INFO: [ app_end ] --END-- [ RunTime:0.002037s ]

[ 2016-06-17T08:42:03+08:00 ] ::1 /weixin_tongshi/index.php/home/admin/addhua
INFO: [ app_init ] --START--
INFO: Run Behavior\BuildLiteBehavior [ RunTime:0.000043s ]
INFO: [ app_init ] --END-- [ RunTime:0.001120s ]
INFO: [ app_begin ] --START--
INFO: Run Behavior\ReadHtmlCacheBehavior [ RunTime:0.000989s ]
INFO: [ app_begin ] --END-- [ RunTime:0.001048s ]
NOTIC: [8] A session had already been started - ignoring session_start() D:\WWW\weixin_tongshi\ThinkPHP\Common\functions.php 第 1263 行.
NOTIC: [2048] Declaration of Home\Controller\AdminController::show() should be compatible with Think\Controller::show($content, $charset = '', $contentType = '', $prefix = '') D:\WWW\weixin_tongshi\Application\Home\Controller\AdminController.class.php 第 159 行.
NOTIC: [8] A session had already been started - ignoring session_start() D:\WWW\weixin_tongshi\Application\Home\Controller\AdminController.class.php 第 7 行.
NOTIC: [8] Undefined index: code D:\WWW\weixin_tongshi\Application\Home\Controller\AdminController.class.php 第 39 行.
NOTIC: [8] Undefined property: stdClass::$UserId D:\WWW\weixin_tongshi\Application\Home\Controller\AdminController.class.php 第 50 行.
NOTIC: [2] json_decode() expects parameter 1 to be string, array given D:\WWW\weixin_tongshi\Application\Home\Controller\AdminController.class.php 第 75 行.
INFO: [ view_parse ] --START--
INFO: [ template_filter ] --START--
INFO: Run Behavior\ContentReplaceBehavior [ RunTime:0.000153s ]
INFO: [ template_filter ] --END-- [ RunTime:0.000296s ]
INFO: Run Behavior\ParseTemplateBehavior [ RunTime:0.024679s ]
INFO: [ view_parse ] --END-- [ RunTime:0.024895s ]
INFO: [ view_filter ] --START--
INFO: Run Behavior\WriteHtmlCacheBehavior [ RunTime:0.002059s ]
INFO: [ view_filter ] --END-- [ RunTime:0.002181s ]
INFO: [ app_end ] --START--
INFO: Run Behavior\ShowPageTraceBehavior [ RunTime:0.002564s ]
INFO: [ app_end ] --END-- [ RunTime:0.002694s ]

[ 2016-06-17T08:42:26+08:00 ] ::1 /weixin_tongshi/index.php/home/admin/addhua
INFO: [ app_init ] --START--
INFO: Run Behavior\BuildLiteBehavior [ RunTime:0.000015s ]
INFO: [ app_init ] --END-- [ RunTime:0.000599s ]
INFO: [ app_begin ] --START--
INFO: Run Behavior\ReadHtmlCacheBehavior [ RunTime:0.000788s ]
INFO: [ app_begin ] --END-- [ RunTime:0.000853s ]
NOTIC: [8] A session had already been started - ignoring session_start() D:\WWW\weixin_tongshi\ThinkPHP\Common\functions.php 第 1263 行.
NOTIC: [2048] Declaration of Home\Controller\AdminController::show() should be compatible with Think\Controller::show($content, $charset = '', $contentType = '', $prefix = '') D:\WWW\weixin_tongshi\Application\Home\Controller\AdminController.class.php 第 159 行.
NOTIC: [8] A session had already been started - ignoring session_start() D:\WWW\weixin_tongshi\Application\Home\Controller\AdminController.class.php 第 7 行.
NOTIC: [8] Undefined index: code D:\WWW\weixin_tongshi\Application\Home\Controller\AdminController.class.php 第 39 行.
NOTIC: [8] Undefined property: stdClass::$UserId D:\WWW\weixin_tongshi\Application\Home\Controller\AdminController.class.php 第 50 行.
NOTIC: [2] json_decode() expects parameter 1 to be string, array given D:\WWW\weixin_tongshi\Application\Home\Controller\AdminController.class.php 第 75 行.
INFO: [ view_parse ] --START--
INFO: [ template_filter ] --START--
INFO: Run Behavior\ContentReplaceBehavior [ RunTime:0.000046s ]
INFO: [ template_filter ] --END-- [ RunTime:0.000092s ]
INFO: Run Behavior\ParseTemplateBehavior [ RunTime:0.006007s ]
INFO: [ view_parse ] --END-- [ RunTime:0.006071s ]
INFO: [ view_filter ] --START--
INFO: Run Behavior\WriteHtmlCacheBehavior [ RunTime:0.000547s ]
INFO: [ view_filter ] --END-- [ RunTime:0.000582s ]
INFO: [ app_end ] --START--
INFO: Run Behavior\ShowPageTraceBehavior [ RunTime:0.000727s ]
INFO: [ app_end ] --END-- [ RunTime:0.000775s ]

[ 2016-06-17T08:42:47+08:00 ] ::1 /weixin_tongshi/index.php/home/admin/addhua
INFO: [ app_init ] --START--
INFO: Run Behavior\BuildLiteBehavior [ RunTime:0.000013s ]
INFO: [ app_init ] --END-- [ RunTime:0.000675s ]
INFO: [ app_begin ] --START--
INFO: Run Behavior\ReadHtmlCacheBehavior [ RunTime:0.000905s ]
INFO: [ app_begin ] --END-- [ RunTime:0.000981s ]
NOTIC: [8] A session had already been started - ignoring session_start() D:\WWW\weixin_tongshi\ThinkPHP\Common\functions.php 第 1263 行.
NOTIC: [2048] Declaration of Home\Controller\AdminController::show() should be compatible with Think\Controller::show($content, $charset = '', $contentType = '', $prefix = '') D:\WWW\weixin_tongshi\Application\Home\Controller\AdminController.class.php 第 159 行.
NOTIC: [8] A session had already been started - ignoring session_start() D:\WWW\weixin_tongshi\Application\Home\Controller\AdminController.class.php 第 7 行.
NOTIC: [8] Undefined index: code D:\WWW\weixin_tongshi\Application\Home\Controller\AdminController.class.php 第 39 行.
NOTIC: [8] Undefined property: stdClass::$UserId D:\WWW\weixin_tongshi\Application\Home\Controller\AdminController.class.php 第 50 行.
NOTIC: [2] json_decode() expects parameter 1 to be string, array given D:\WWW\weixin_tongshi\Application\Home\Controller\AdminController.class.php 第 75 行.
INFO: [ view_parse ] --START--
INFO: [ template_filter ] --START--
INFO: Run Behavior\ContentReplaceBehavior [ RunTime:0.000047s ]
INFO: [ template_filter ] --END-- [ RunTime:0.000103s ]
INFO: Run Behavior\ParseTemplateBehavior [ RunTime:0.006609s ]
INFO: [ view_parse ] --END-- [ RunTime:0.006693s ]
INFO: [ view_filter ] --START--
INFO: Run Behavior\WriteHtmlCacheBehavior [ RunTime:0.000673s ]
INFO: [ view_filter ] --END-- [ RunTime:0.000720s ]
INFO: [ app_end ] --START--
INFO: Run Behavior\ShowPageTraceBehavior [ RunTime:0.000646s ]
INFO: [ app_end ] --END-- [ RunTime:0.000683s ]

[ 2016-06-17T08:43:20+08:00 ] ::1 /weixin_tongshi/index.php/home/admin/addhua
INFO: [ app_init ] --START--
INFO: Run Behavior\BuildLiteBehavior [ RunTime:0.000013s ]
INFO: [ app_init ] --END-- [ RunTime:0.000668s ]
INFO: [ app_begin ] --START--
INFO: Run Behavior\ReadHtmlCacheBehavior [ RunTime:0.001820s ]
INFO: [ app_begin ] --END-- [ RunTime:0.001949s ]
NOTIC: [8] A session had already been started - ignoring session_start() D:\WWW\weixin_tongshi\ThinkPHP\Common\functions.php 第 1263 行.
NOTIC: [2048] Declaration of Home\Controller\AdminController::show() should be compatible with Think\Controller::show($content, $charset = '', $contentType = '', $prefix = '') D:\WWW\weixin_tongshi\Application\Home\Controller\AdminController.class.php 第 159 行.
NOTIC: [8] A session had already been started - ignoring session_start() D:\WWW\weixin_tongshi\Application\Home\Controller\AdminController.class.php 第 7 行.
NOTIC: [8] Undefined index: code D:\WWW\weixin_tongshi\Application\Home\Controller\AdminController.class.php 第 39 行.
NOTIC: [8] Undefined property: stdClass::$UserId D:\WWW\weixin_tongshi\Application\Home\Controller\AdminController.class.php 第 50 行.
NOTIC: [2] json_decode() expects parameter 1 to be string, array given D:\WWW\weixin_tongshi\Application\Home\Controller\AdminController.class.php 第 75 行.
INFO: [ view_parse ] --START--
INFO: [ template_filter ] --START--
INFO: Run Behavior\ContentReplaceBehavior [ RunTime:0.000075s ]
INFO: [ template_filter ] --END-- [ RunTime:0.000152s ]
INFO: Run Behavior\ParseTemplateBehavior [ RunTime:0.008421s ]
INFO: [ view_parse ] --END-- [ RunTime:0.008511s ]
INFO: [ view_filter ] --START--
INFO: Run Behavior\WriteHtmlCacheBehavior [ RunTime:0.000739s ]
INFO: [ view_filter ] --END-- [ RunTime:0.000774s ]
INFO: [ app_end ] --START--
INFO: Run Behavior\ShowPageTraceBehavior [ RunTime:0.000883s ]
INFO: [ app_end ] --END-- [ RunTime:0.000919s ]

[ 2016-06-17T08:43:38+08:00 ] ::1 /weixin_tongshi/index.php/home/admin/addhua
INFO: [ app_init ] --START--
INFO: Run Behavior\BuildLiteBehavior [ RunTime:0.000013s ]
INFO: [ app_init ] --END-- [ RunTime:0.000734s ]
INFO: [ app_begin ] --START--
INFO: Run Behavior\ReadHtmlCacheBehavior [ RunTime:0.000996s ]
INFO: [ app_begin ] --END-- [ RunTime:0.001063s ]
NOTIC: [8] A session had already been started - ignoring session_start() D:\WWW\weixin_tongshi\ThinkPHP\Common\functions.php 第 1263 行.
NOTIC: [2048] Declaration of Home\Controller\AdminController::show() should be compatible with Think\Controller::show($content, $charset = '', $contentType = '', $prefix = '') D:\WWW\weixin_tongshi\Application\Home\Controller\AdminController.class.php 第 159 行.
NOTIC: [8] A session had already been started - ignoring session_start() D:\WWW\weixin_tongshi\Application\Home\Controller\AdminController.class.php 第 7 行.
NOTIC: [8] Undefined index: code D:\WWW\weixin_tongshi\Application\Home\Controller\AdminController.class.php 第 39 行.
NOTIC: [8] Undefined property: stdClass::$UserId D:\WWW\weixin_tongshi\Application\Home\Controller\AdminController.class.php 第 50 行.
NOTIC: [2] json_decode() expects parameter 1 to be string, array given D:\WWW\weixin_tongshi\Application\Home\Controller\AdminController.class.php 第 75 行.
INFO: [ view_parse ] --START--
INFO: [ template_filter ] --START--
INFO: Run Behavior\ContentReplaceBehavior [ RunTime:0.000047s ]
INFO: [ template_filter ] --END-- [ RunTime:0.000096s ]
INFO: Run Behavior\ParseTemplateBehavior [ RunTime:0.007311s ]
INFO: [ view_parse ] --END-- [ RunTime:0.007380s ]
INFO: [ view_filter ] --START--
INFO: Run Behavior\WriteHtmlCacheBehavior [ RunTime:0.000786s ]
INFO: [ view_filter ] --END-- [ RunTime:0.000825s ]
INFO: [ app_end ] --START--
INFO: Run Behavior\ShowPageTraceBehavior [ RunTime:0.000965s ]
INFO: [ app_end ] --END-- [ RunTime:0.001017s ]

