[ 2016-06-16T08:16:29+08:00 ] ::1 /weixin_tongshi/
INFO: [ app_init ] --START--
INFO: Run Behavior\BuildLiteBehavior [ RunTime:0.000050s ]
INFO: [ app_init ] --END-- [ RunTime:0.007063s ]
INFO: [ app_begin ] --START--
INFO: Run Behavior\ReadHtmlCacheBehavior [ RunTime:0.002866s ]
INFO: [ app_begin ] --END-- [ RunTime:0.003013s ]
INFO: [ view_parse ] --START--
INFO: Run Behavior\ParseTemplateBehavior [ RunTime:0.016063s ]
INFO: [ view_parse ] --END-- [ RunTime:0.016270s ]
INFO: [ view_filter ] --START--
INFO: Run Behavior\WriteHtmlCacheBehavior [ RunTime:0.008431s ]
INFO: [ view_filter ] --END-- [ RunTime:0.008578s ]
INFO: [ app_end ] --START--
INFO: Run Behavior\ShowPageTraceBehavior [ RunTime:0.003093s ]
INFO: [ app_end ] --END-- [ RunTime:0.003213s ]

[ 2016-06-16T08:16:39+08:00 ] ::1 /weixin_tongshi/index.php/home/admin/addhua
INFO: [ app_init ] --START--
INFO: Run Behavior\BuildLiteBehavior [ RunTime:0.000045s ]
INFO: [ app_init ] --END-- [ RunTime:0.001422s ]
INFO: [ app_begin ] --START--
INFO: Run Behavior\ReadHtmlCacheBehavior [ RunTime:0.001033s ]
INFO: [ app_begin ] --END-- [ RunTime:0.001104s ]
NOTIC: [8] A session had already been started - ignoring session_start() D:\WWW\weixin_tongshi\Application\Home\Controller\AdminController.class.php 第 59 行.
NOTIC: [8] Undefined index: access_token D:\WWW\weixin_tongshi\Application\Home\Controller\AdminController.class.php 第 60 行.
NOTIC: [8] Undefined index: code D:\WWW\weixin_tongshi\Application\Home\Controller\AdminController.class.php 第 28 行.

[ 2016-06-16T08:17:06+08:00 ] ::1 /weixin_tongshi/index.php/home/admin/addhua
INFO: [ app_init ] --START--
INFO: Run Behavior\BuildLiteBehavior [ RunTime:0.000014s ]
INFO: [ app_init ] --END-- [ RunTime:0.000696s ]
INFO: [ app_begin ] --START--
INFO: Run Behavior\ReadHtmlCacheBehavior [ RunTime:0.000675s ]
INFO: [ app_begin ] --END-- [ RunTime:0.000730s ]
NOTIC: [8] A session had already been started - ignoring session_start() D:\WWW\weixin_tongshi\Application\Home\Controller\AdminController.class.php 第 59 行.
NOTIC: [8] Undefined index: code D:\WWW\weixin_tongshi\Application\Home\Controller\AdminController.class.php 第 28 行.

[ 2016-06-16T08:47:54+08:00 ] 114.249.213.107 /weixin/index.php/home/admin/show
INFO: [ app_init ] --START--
INFO: Run Behavior\BuildLiteBehavior [ RunTime:0.000017s ]
INFO: [ app_init ] --END-- [ RunTime:0.000418s ]
INFO: [ app_begin ] --START--
INFO: Run Behavior\ReadHtmlCacheBehavior [ RunTime:0.000333s ]
INFO: [ app_begin ] --END-- [ RunTime:0.000378s ]
NOTIC: [2] session_start(): open(/tmp/sess_hbie327t3kj8v2c9bqak9aa534, O_RDWR) failed: Permission denied (13) /phpstudy/www/weixin/ThinkPHP/Common/functions.php 第 1263 行.

[ 2016-06-16T08:49:33+08:00 ] 221.221.153.133 /weixin/index.php/home/admin/show
INFO: [ app_init ] --START--
INFO: Run Behavior\BuildLiteBehavior [ RunTime:0.000014s ]
INFO: [ app_init ] --END-- [ RunTime:0.000275s ]
INFO: [ app_begin ] --START--
INFO: Run Behavior\ReadHtmlCacheBehavior [ RunTime:0.000341s ]
INFO: [ app_begin ] --END-- [ RunTime:0.000387s ]
NOTIC: [2] session_start(): open(/tmp/sess_hbie327t3kj8v2c9bqak9aa534, O_RDWR) failed: Permission denied (13) /phpstudy/www/weixin/ThinkPHP/Common/functions.php 第 1263 行.
NOTIC: [8] A session had already been started - ignoring session_start() /phpstudy/www/weixin/Application/Home/Controller/AdminController.class.php 第 7 行.
ERR: 非法操作:show

[ 2016-06-16T08:49:36+08:00 ] 221.221.153.133 /weixin/index.php/home/admin/show
INFO: [ app_init ] --START--
INFO: Run Behavior\BuildLiteBehavior [ RunTime:0.000014s ]
INFO: [ app_init ] --END-- [ RunTime:0.000287s ]
INFO: [ app_begin ] --START--
INFO: Run Behavior\ReadHtmlCacheBehavior [ RunTime:0.000355s ]
INFO: [ app_begin ] --END-- [ RunTime:0.000402s ]
NOTIC: [2] session_start(): open(/tmp/sess_hbie327t3kj8v2c9bqak9aa534, O_RDWR) failed: Permission denied (13) /phpstudy/www/weixin/ThinkPHP/Common/functions.php 第 1263 行.
NOTIC: [8] A session had already been started - ignoring session_start() /phpstudy/www/weixin/Application/Home/Controller/AdminController.class.php 第 7 行.
ERR: 非法操作:show

[ 2016-06-16T08:49:46+08:00 ] 114.249.213.107 /weixin/index.php/home/admin/addhua?code=7a85a57bc399084f5e4c8a967da51ac5
INFO: [ app_init ] --START--
INFO: Run Behavior\BuildLiteBehavior [ RunTime:0.000021s ]
INFO: [ app_init ] --END-- [ RunTime:0.000438s ]
INFO: [ app_begin ] --START--
INFO: Run Behavior\ReadHtmlCacheBehavior [ RunTime:0.000350s ]
INFO: [ app_begin ] --END-- [ RunTime:0.000395s ]
NOTIC: [8] A session had already been started - ignoring session_start() /phpstudy/www/weixin/Application/Home/Controller/AdminController.class.php 第 7 行.
NOTIC: [8] A session had already been started - ignoring session_start() /phpstudy/www/weixin/Application/Home/Controller/AdminController.class.php 第 68 行.
NOTIC: [8] Undefined index: access_token /phpstudy/www/weixin/Application/Home/Controller/AdminController.class.php 第 69 行.

<<<<<<< HEAD
[ 2016-06-16T09:29:15+08:00 ] 114.249.213.107 /weixin/index.php/home/admin/addhua?code=e40a4cc4f419bda68f80381407219979&state=STATE
INFO: [ app_init ] --START--
INFO: Run Behavior\BuildLiteBehavior [ RunTime:0.000025s ]
INFO: [ app_init ] --END-- [ RunTime:0.000580s ]
INFO: [ app_begin ] --START--
INFO: Run Behavior\ReadHtmlCacheBehavior [ RunTime:0.000513s ]
INFO: [ app_begin ] --END-- [ RunTime:0.000570s ]
NOTIC: [8] A session had already been started - ignoring session_start() /phpstudy/www/weixin/Application/Home/Controller/AdminController.class.php 第 7 行.

[ 2016-06-16T09:32:09+08:00 ] 101.226.103.73 /weixin/index.php/home/admin/Sample?msg_signature=6b9268b78ce5a5694a9e10a64c06b3b7e6bffec1&timestamp=1466040729&nonce=1963992877
INFO: [ app_init ] --START--
INFO: Run Behavior\BuildLiteBehavior [ RunTime:0.000018s ]
INFO: [ app_init ] --END-- [ RunTime:0.000425s ]
INFO: [ app_begin ] --START--
INFO: Run Behavior\ReadHtmlCacheBehavior [ RunTime:0.000563s ]
INFO: [ app_begin ] --END-- [ RunTime:0.000636s ]
NOTIC: [8] A session had already been started - ignoring session_start() /phpstudy/www/weixin/Application/Home/Controller/AdminController.class.php 第 7 行.
NOTIC: [8] Undefined index: echostr /phpstudy/www/weixin/Application/Home/Controller/Sample.php 第 20 行.
INFO: [ app_end ] --START--
INFO: Run Behavior\ShowPageTraceBehavior [ RunTime:0.000369s ]
INFO: [ app_end ] --END-- [ RunTime:0.000423s ]

[ 2016-06-16T09:32:10+08:00 ] 221.221.153.133 /weixin/index.php/home/admin/addhua?code=532c411d152c6ed8ef4b7c477ce1851c&state=STATE
INFO: [ app_init ] --START--
INFO: Run Behavior\BuildLiteBehavior [ RunTime:0.000024s ]
INFO: [ app_init ] --END-- [ RunTime:0.000565s ]
INFO: [ app_begin ] --START--
INFO: Run Behavior\ReadHtmlCacheBehavior [ RunTime:0.000379s ]
INFO: [ app_begin ] --END-- [ RunTime:0.000425s ]
NOTIC: [8] A session had already been started - ignoring session_start() /phpstudy/www/weixin/Application/Home/Controller/AdminController.class.php 第 7 行.
NOTIC: [8] A session had already been started - ignoring session_start() /phpstudy/www/weixin/Application/Home/Controller/AdminController.class.php 第 76 行.
NOTIC: [8] Undefined index: access_token /phpstudy/www/weixin/Application/Home/Controller/AdminController.class.php 第 77 行.

[ 2016-06-16T09:33:56+08:00 ] 101.226.103.72 /weixin/index.php/home/admin/Sample?msg_signature=2163e779a5ebf922279a86e375f6a84fa218af72&timestamp=1466040836&nonce=893307122
INFO: [ app_init ] --START--
INFO: Run Behavior\BuildLiteBehavior [ RunTime:0.000023s ]
INFO: [ app_init ] --END-- [ RunTime:0.000573s ]
INFO: [ app_begin ] --START--
INFO: Run Behavior\ReadHtmlCacheBehavior [ RunTime:0.000470s ]
INFO: [ app_begin ] --END-- [ RunTime:0.000521s ]
NOTIC: [8] A session had already been started - ignoring session_start() /phpstudy/www/weixin/Application/Home/Controller/AdminController.class.php 第 7 行.
NOTIC: [8] Undefined index: echostr /phpstudy/www/weixin/Application/Home/Controller/Sample.php 第 20 行.
INFO: [ app_end ] --START--
INFO: Run Behavior\ShowPageTraceBehavior [ RunTime:0.000394s ]
INFO: [ app_end ] --END-- [ RunTime:0.000454s ]

[ 2016-06-16T09:33:57+08:00 ] 221.221.153.133 /weixin/index.php/home/admin/addhua?code=c449a5f486227aad3425af10ce51c5c0&state=STATE
INFO: [ app_init ] --START--
INFO: Run Behavior\BuildLiteBehavior [ RunTime:0.000025s ]
INFO: [ app_init ] --END-- [ RunTime:0.000474s ]
INFO: [ app_begin ] --START--
INFO: Run Behavior\ReadHtmlCacheBehavior [ RunTime:0.000587s ]
INFO: [ app_begin ] --END-- [ RunTime:0.000665s ]
NOTIC: [8] A session had already been started - ignoring session_start() /phpstudy/www/weixin/Application/Home/Controller/AdminController.class.php 第 7 行.

[ 2016-06-16T09:35:39+08:00 ] 114.249.213.107 /weixin/index.php/home/admin/addhua?code=2e679ddbd1cce2c605f0d9aa9ce9f195&state=STATE
INFO: [ app_init ] --START--
INFO: Run Behavior\BuildLiteBehavior [ RunTime:0.000020s ]
INFO: [ app_init ] --END-- [ RunTime:0.000417s ]
INFO: [ app_begin ] --START--
INFO: Run Behavior\ReadHtmlCacheBehavior [ RunTime:0.000345s ]
INFO: [ app_begin ] --END-- [ RunTime:0.000390s ]
NOTIC: [8] A session had already been started - ignoring session_start() /phpstudy/www/weixin/Application/Home/Controller/AdminController.class.php 第 7 行.

[ 2016-06-16T09:41:20+08:00 ] 114.249.213.107 /weixin/index.php/home/admin/addhua?code=4a73bf22a6bc1807fd18d09a77560c0f&state=STATE
INFO: [ app_init ] --START--
INFO: Run Behavior\BuildLiteBehavior [ RunTime:0.000015s ]
INFO: [ app_init ] --END-- [ RunTime:0.000286s ]
INFO: [ app_begin ] --START--
INFO: Run Behavior\ReadHtmlCacheBehavior [ RunTime:0.000375s ]
INFO: [ app_begin ] --END-- [ RunTime:0.000420s ]
NOTIC: [8] A session had already been started - ignoring session_start() /phpstudy/www/weixin/Application/Home/Controller/AdminController.class.php 第 7 行.

[ 2016-06-16T09:48:09+08:00 ] 221.221.153.133 /weixin/index.php/home/admin/addhua?code=a13ba0da8ff072630374d0d84da93ead&state=STATE
INFO: [ app_init ] --START--
INFO: Run Behavior\BuildLiteBehavior [ RunTime:0.000018s ]
INFO: [ app_init ] --END-- [ RunTime:0.000513s ]
INFO: [ app_begin ] --START--
INFO: Run Behavior\ReadHtmlCacheBehavior [ RunTime:0.000484s ]
INFO: [ app_begin ] --END-- [ RunTime:0.000558s ]
NOTIC: [8] A session had already been started - ignoring session_start() /phpstudy/www/weixin/Application/Home/Controller/AdminController.class.php 第 7 行.

[ 2016-06-16T09:48:49+08:00 ] 221.221.153.133 /weixin/index.php/home/admin/addhua?code=9d1bf816eb796f035ba0346e242639bb&state=STATE
INFO: [ app_init ] --START--
INFO: Run Behavior\BuildLiteBehavior [ RunTime:0.000015s ]
INFO: [ app_init ] --END-- [ RunTime:0.000283s ]
INFO: [ app_begin ] --START--
INFO: Run Behavior\ReadHtmlCacheBehavior [ RunTime:0.000346s ]
INFO: [ app_begin ] --END-- [ RunTime:0.000393s ]
NOTIC: [8] A session had already been started - ignoring session_start() /phpstudy/www/weixin/Application/Home/Controller/AdminController.class.php 第 7 行.

[ 2016-06-16T09:52:09+08:00 ] 101.226.103.73 /weixin/index.php/home/admin/Sample?msg_signature=9030ddb957b70ea21d00982fa8396b78a5cb0641&timestamp=1466041929&nonce=733454754
INFO: [ app_init ] --START--
INFO: Run Behavior\BuildLiteBehavior [ RunTime:0.000016s ]
INFO: [ app_init ] --END-- [ RunTime:0.000306s ]
INFO: [ app_begin ] --START--
INFO: Run Behavior\ReadHtmlCacheBehavior [ RunTime:0.000374s ]
INFO: [ app_begin ] --END-- [ RunTime:0.000434s ]
NOTIC: [8] A session had already been started - ignoring session_start() /phpstudy/www/weixin/Application/Home/Controller/AdminController.class.php 第 7 行.
NOTIC: [8] Undefined index: echostr /phpstudy/www/weixin/Application/Home/Controller/Sample.php 第 20 行.
INFO: [ app_end ] --START--
INFO: Run Behavior\ShowPageTraceBehavior [ RunTime:0.000442s ]
INFO: [ app_end ] --END-- [ RunTime:0.000509s ]

[ 2016-06-16T09:53:34+08:00 ] 101.226.103.63 /weixin/index.php/home/admin/Sample?msg_signature=411aaad1b33ffbe5b4c658dea271e163abb7b8cf&timestamp=1466042014&nonce=200182413
INFO: [ app_init ] --START--
INFO: Run Behavior\BuildLiteBehavior [ RunTime:0.000015s ]
INFO: [ app_init ] --END-- [ RunTime:0.000274s ]
INFO: [ app_begin ] --START--
INFO: Run Behavior\ReadHtmlCacheBehavior [ RunTime:0.000327s ]
INFO: [ app_begin ] --END-- [ RunTime:0.000369s ]
NOTIC: [8] A session had already been started - ignoring session_start() /phpstudy/www/weixin/Application/Home/Controller/AdminController.class.php 第 7 行.
NOTIC: [8] Undefined index: echostr /phpstudy/www/weixin/Application/Home/Controller/Sample.php 第 20 行.
INFO: [ app_end ] --START--
INFO: Run Behavior\ShowPageTraceBehavior [ RunTime:0.000384s ]
INFO: [ app_end ] --END-- [ RunTime:0.000439s ]
=======
[ 2016-06-16T09:22:18+08:00 ] ::1 /weixin_tongshi/index.php/home/admin/show
INFO: [ app_init ] --START--
INFO: Run Behavior\BuildLiteBehavior [ RunTime:0.000032s ]
INFO: [ app_init ] --END-- [ RunTime:0.001627s ]
INFO: [ app_begin ] --START--
INFO: Run Behavior\ReadHtmlCacheBehavior [ RunTime:0.001309s ]
INFO: [ app_begin ] --END-- [ RunTime:0.001391s ]
NOTIC: [2048] Declaration of Home\Controller\AdminController::show() should be compatible with Think\Controller::show($content, $charset = '', $contentType = '', $prefix = '') D:\WWW\weixin_tongshi\Application\Home\Controller\AdminController.class.php 第 100 行.
NOTIC: [8] A session had already been started - ignoring session_start() D:\WWW\weixin_tongshi\Application\Home\Controller\AdminController.class.php 第 7 行.
INFO: [ view_parse ] --START--
INFO: [ template_filter ] --START--
INFO: Run Behavior\ContentReplaceBehavior [ RunTime:0.041438s ]
INFO: [ template_filter ] --END-- [ RunTime:0.041525s ]
INFO: Run Behavior\ParseTemplateBehavior [ RunTime:0.090002s ]
INFO: [ view_parse ] --END-- [ RunTime:0.090079s ]
INFO: [ view_filter ] --START--
INFO: Run Behavior\WriteHtmlCacheBehavior [ RunTime:0.000687s ]
INFO: [ view_filter ] --END-- [ RunTime:0.000724s ]
INFO: [ app_end ] --START--
INFO: Run Behavior\ShowPageTraceBehavior [ RunTime:0.000884s ]
INFO: [ app_end ] --END-- [ RunTime:0.000935s ]

[ 2016-06-16T09:23:40+08:00 ] ::1 /weixin_tongshi/index.php/home/admin/show
INFO: [ app_init ] --START--
INFO: Run Behavior\BuildLiteBehavior [ RunTime:0.000017s ]
INFO: [ app_init ] --END-- [ RunTime:0.000960s ]
INFO: [ app_begin ] --START--
INFO: Run Behavior\ReadHtmlCacheBehavior [ RunTime:0.000912s ]
INFO: [ app_begin ] --END-- [ RunTime:0.000959s ]
NOTIC: [2048] Declaration of Home\Controller\AdminController::show() should be compatible with Think\Controller::show($content, $charset = '', $contentType = '', $prefix = '') D:\WWW\weixin_tongshi\Application\Home\Controller\AdminController.class.php 第 100 行.
NOTIC: [8] A session had already been started - ignoring session_start() D:\WWW\weixin_tongshi\Application\Home\Controller\AdminController.class.php 第 7 行.
INFO: [ view_parse ] --START--
INFO: [ template_filter ] --START--
INFO: Run Behavior\ContentReplaceBehavior [ RunTime:0.000041s ]
INFO: [ template_filter ] --END-- [ RunTime:0.000089s ]
INFO: Run Behavior\ParseTemplateBehavior [ RunTime:0.006756s ]
INFO: [ view_parse ] --END-- [ RunTime:0.006816s ]
INFO: [ view_filter ] --START--
INFO: Run Behavior\WriteHtmlCacheBehavior [ RunTime:0.000697s ]
INFO: [ view_filter ] --END-- [ RunTime:0.000735s ]
INFO: [ app_end ] --START--
INFO: Run Behavior\ShowPageTraceBehavior [ RunTime:0.000799s ]
INFO: [ app_end ] --END-- [ RunTime:0.000840s ]
>>>>>>> e6c241be80134541ca3e0dc45618676041591d30

[ 2016-06-16T10:06:43+08:00 ] ::1 /weixin_tongshi/index.php/home/admin/show
INFO: [ app_init ] --START--
INFO: Run Behavior\BuildLiteBehavior [ RunTime:0.000020s ]
INFO: [ app_init ] --END-- [ RunTime:0.000921s ]
INFO: [ app_begin ] --START--
INFO: Run Behavior\ReadHtmlCacheBehavior [ RunTime:0.000924s ]
INFO: [ app_begin ] --END-- [ RunTime:0.000980s ]
NOTIC: [2048] Declaration of Home\Controller\AdminController::show() should be compatible with Think\Controller::show($content, $charset = '', $contentType = '', $prefix = '') D:\WWW\weixin_tongshi\Application\Home\Controller\AdminController.class.php 第 100 行.
NOTIC: [8] A session had already been started - ignoring session_start() D:\WWW\weixin_tongshi\Application\Home\Controller\AdminController.class.php 第 7 行.
INFO: [ view_parse ] --START--
INFO: [ template_filter ] --START--
INFO: Run Behavior\ContentReplaceBehavior [ RunTime:0.000084s ]
INFO: [ template_filter ] --END-- [ RunTime:0.000172s ]
INFO: Run Behavior\ParseTemplateBehavior [ RunTime:0.009317s ]
INFO: [ view_parse ] --END-- [ RunTime:0.009379s ]
INFO: [ view_filter ] --START--
INFO: Run Behavior\WriteHtmlCacheBehavior [ RunTime:0.000723s ]
INFO: [ view_filter ] --END-- [ RunTime:0.000764s ]
INFO: [ app_end ] --START--
INFO: Run Behavior\ShowPageTraceBehavior [ RunTime:0.000910s ]
INFO: [ app_end ] --END-- [ RunTime:0.000954s ]

[ 2016-06-16T10:06:56+08:00 ] ::1 /weixin_tongshi/index.php/home/admin/show
INFO: [ app_init ] --START--
INFO: Run Behavior\BuildLiteBehavior [ RunTime:0.000014s ]
INFO: [ app_init ] --END-- [ RunTime:0.000652s ]
INFO: [ app_begin ] --START--
INFO: Run Behavior\ReadHtmlCacheBehavior [ RunTime:0.001140s ]
INFO: [ app_begin ] --END-- [ RunTime:0.001224s ]
NOTIC: [2048] Declaration of Home\Controller\AdminController::show() should be compatible with Think\Controller::show($content, $charset = '', $contentType = '', $prefix = '') D:\WWW\weixin_tongshi\Application\Home\Controller\AdminController.class.php 第 100 行.
NOTIC: [8] A session had already been started - ignoring session_start() D:\WWW\weixin_tongshi\Application\Home\Controller\AdminController.class.php 第 7 行.
INFO: [ view_parse ] --START--
INFO: [ template_filter ] --START--
INFO: Run Behavior\ContentReplaceBehavior [ RunTime:0.000044s ]
INFO: [ template_filter ] --END-- [ RunTime:0.000102s ]
INFO: Run Behavior\ParseTemplateBehavior [ RunTime:0.008297s ]
INFO: [ view_parse ] --END-- [ RunTime:0.008394s ]
INFO: [ view_filter ] --START--
INFO: Run Behavior\WriteHtmlCacheBehavior [ RunTime:0.001606s ]
INFO: [ view_filter ] --END-- [ RunTime:0.002186s ]
INFO: [ app_end ] --START--
INFO: Run Behavior\ShowPageTraceBehavior [ RunTime:0.001406s ]
INFO: [ app_end ] --END-- [ RunTime:0.001479s ]

[ 2016-06-16T10:07:10+08:00 ] ::1 /weixin_tongshi/index.php/home/admin/show
INFO: [ app_init ] --START--
INFO: Run Behavior\BuildLiteBehavior [ RunTime:0.000012s ]
INFO: [ app_init ] --END-- [ RunTime:0.000603s ]
INFO: [ app_begin ] --START--
INFO: Run Behavior\ReadHtmlCacheBehavior [ RunTime:0.000700s ]
INFO: [ app_begin ] --END-- [ RunTime:0.000744s ]
NOTIC: [2048] Declaration of Home\Controller\AdminController::show() should be compatible with Think\Controller::show($content, $charset = '', $contentType = '', $prefix = '') D:\WWW\weixin_tongshi\Application\Home\Controller\AdminController.class.php 第 100 行.
NOTIC: [8] A session had already been started - ignoring session_start() D:\WWW\weixin_tongshi\Application\Home\Controller\AdminController.class.php 第 7 行.
INFO: [ view_parse ] --START--
INFO: [ template_filter ] --START--
INFO: Run Behavior\ContentReplaceBehavior [ RunTime:0.000039s ]
INFO: [ template_filter ] --END-- [ RunTime:0.000086s ]
INFO: Run Behavior\ParseTemplateBehavior [ RunTime:0.006303s ]
INFO: [ view_parse ] --END-- [ RunTime:0.006380s ]
INFO: [ view_filter ] --START--
INFO: Run Behavior\WriteHtmlCacheBehavior [ RunTime:0.000566s ]
INFO: [ view_filter ] --END-- [ RunTime:0.000611s ]
INFO: [ app_end ] --START--
INFO: Run Behavior\ShowPageTraceBehavior [ RunTime:0.000983s ]
INFO: [ app_end ] --END-- [ RunTime:0.001032s ]

[ 2016-06-16T13:49:27+08:00 ] ::1 /weixin_tongshi/index.php/home/admin/show
INFO: [ app_init ] --START--
INFO: Run Behavior\BuildLiteBehavior [ RunTime:0.000013s ]
INFO: [ app_init ] --END-- [ RunTime:0.000884s ]
INFO: [ app_begin ] --START--
INFO: Run Behavior\ReadHtmlCacheBehavior [ RunTime:0.000943s ]
INFO: [ app_begin ] --END-- [ RunTime:0.000990s ]
NOTIC: [2048] Declaration of Home\Controller\AdminController::show() should be compatible with Think\Controller::show($content, $charset = '', $contentType = '', $prefix = '') D:\WWW\weixin_tongshi\Application\Home\Controller\AdminController.class.php 第 104 行.
NOTIC: [8] A session had already been started - ignoring session_start() D:\WWW\weixin_tongshi\Application\Home\Controller\AdminController.class.php 第 7 行.
INFO: [ view_parse ] --START--
INFO: [ template_filter ] --START--
INFO: Run Behavior\ContentReplaceBehavior [ RunTime:0.000041s ]
INFO: [ template_filter ] --END-- [ RunTime:0.000089s ]
INFO: Run Behavior\ParseTemplateBehavior [ RunTime:0.008672s ]
INFO: [ view_parse ] --END-- [ RunTime:0.008724s ]
INFO: [ view_filter ] --START--
INFO: Run Behavior\WriteHtmlCacheBehavior [ RunTime:0.000732s ]
INFO: [ view_filter ] --END-- [ RunTime:0.000779s ]
INFO: [ app_end ] --START--
INFO: Run Behavior\ShowPageTraceBehavior [ RunTime:0.000843s ]
INFO: [ app_end ] --END-- [ RunTime:0.000908s ]

[ 2016-06-16T13:50:16+08:00 ] ::1 /weixin_tongshi/index.php/home/admin/show
INFO: [ app_init ] --START--
INFO: Run Behavior\BuildLiteBehavior [ RunTime:0.000014s ]
INFO: [ app_init ] --END-- [ RunTime:0.000758s ]
INFO: [ app_begin ] --START--
INFO: Run Behavior\ReadHtmlCacheBehavior [ RunTime:0.002027s ]
INFO: [ app_begin ] --END-- [ RunTime:0.002109s ]
NOTIC: [2048] Declaration of Home\Controller\AdminController::show() should be compatible with Think\Controller::show($content, $charset = '', $contentType = '', $prefix = '') D:\WWW\weixin_tongshi\Application\Home\Controller\AdminController.class.php 第 104 行.
NOTIC: [8] A session had already been started - ignoring session_start() D:\WWW\weixin_tongshi\Application\Home\Controller\AdminController.class.php 第 7 行.
INFO: [ view_parse ] --START--
INFO: [ template_filter ] --START--
INFO: Run Behavior\ContentReplaceBehavior [ RunTime:0.000043s ]
INFO: [ template_filter ] --END-- [ RunTime:0.000100s ]
INFO: Run Behavior\ParseTemplateBehavior [ RunTime:0.007671s ]
INFO: [ view_parse ] --END-- [ RunTime:0.007723s ]
INFO: [ view_filter ] --START--
INFO: Run Behavior\WriteHtmlCacheBehavior [ RunTime:0.000751s ]
INFO: [ view_filter ] --END-- [ RunTime:0.000788s ]
INFO: [ app_end ] --START--
INFO: Run Behavior\ShowPageTraceBehavior [ RunTime:0.000961s ]
INFO: [ app_end ] --END-- [ RunTime:0.001003s ]

[ 2016-06-16T13:50:41+08:00 ] ::1 /weixin_tongshi/index.php/home/admin/show
INFO: [ app_init ] --START--
INFO: Run Behavior\BuildLiteBehavior [ RunTime:0.000013s ]
INFO: [ app_init ] --END-- [ RunTime:0.000656s ]
INFO: [ app_begin ] --START--
INFO: Run Behavior\ReadHtmlCacheBehavior [ RunTime:0.001431s ]
INFO: [ app_begin ] --END-- [ RunTime:0.001516s ]
NOTIC: [2048] Declaration of Home\Controller\AdminController::show() should be compatible with Think\Controller::show($content, $charset = '', $contentType = '', $prefix = '') D:\WWW\weixin_tongshi\Application\Home\Controller\AdminController.class.php 第 104 行.
NOTIC: [8] A session had already been started - ignoring session_start() D:\WWW\weixin_tongshi\Application\Home\Controller\AdminController.class.php 第 7 行.
INFO: [ view_parse ] --START--
INFO: [ template_filter ] --START--
INFO: Run Behavior\ContentReplaceBehavior [ RunTime:0.000063s ]
INFO: [ template_filter ] --END-- [ RunTime:0.000151s ]
INFO: Run Behavior\ParseTemplateBehavior [ RunTime:0.010782s ]
INFO: [ view_parse ] --END-- [ RunTime:0.010848s ]
INFO: [ view_filter ] --START--
INFO: Run Behavior\WriteHtmlCacheBehavior [ RunTime:0.000739s ]
INFO: [ view_filter ] --END-- [ RunTime:0.000797s ]
INFO: [ app_end ] --START--
INFO: Run Behavior\ShowPageTraceBehavior [ RunTime:0.001186s ]
INFO: [ app_end ] --END-- [ RunTime:0.001244s ]

[ 2016-06-16T13:50:43+08:00 ] ::1 /weixin_tongshi/index.php/home/admin/show
INFO: [ app_init ] --START--
INFO: Run Behavior\BuildLiteBehavior [ RunTime:0.000014s ]
INFO: [ app_init ] --END-- [ RunTime:0.000573s ]
INFO: [ app_begin ] --START--
INFO: Run Behavior\ReadHtmlCacheBehavior [ RunTime:0.000929s ]
INFO: [ app_begin ] --END-- [ RunTime:0.001003s ]
NOTIC: [2048] Declaration of Home\Controller\AdminController::show() should be compatible with Think\Controller::show($content, $charset = '', $contentType = '', $prefix = '') D:\WWW\weixin_tongshi\Application\Home\Controller\AdminController.class.php 第 104 行.
NOTIC: [8] A session had already been started - ignoring session_start() D:\WWW\weixin_tongshi\Application\Home\Controller\AdminController.class.php 第 7 行.
INFO: [ view_parse ] --START--
INFO: [ template_filter ] --START--
INFO: Run Behavior\ContentReplaceBehavior [ RunTime:0.000075s ]
INFO: [ template_filter ] --END-- [ RunTime:0.000190s ]
INFO: Run Behavior\ParseTemplateBehavior [ RunTime:0.008291s ]
INFO: [ view_parse ] --END-- [ RunTime:0.008356s ]
INFO: [ view_filter ] --START--
INFO: Run Behavior\WriteHtmlCacheBehavior [ RunTime:0.000507s ]
INFO: [ view_filter ] --END-- [ RunTime:0.000547s ]
INFO: [ app_end ] --START--
INFO: Run Behavior\ShowPageTraceBehavior [ RunTime:0.000677s ]
INFO: [ app_end ] --END-- [ RunTime:0.000718s ]

[ 2016-06-16T13:51:58+08:00 ] ::1 /weixin_tongshi/index.php/home/admin/show
INFO: [ app_init ] --START--
INFO: Run Behavior\BuildLiteBehavior [ RunTime:0.000014s ]
INFO: [ app_init ] --END-- [ RunTime:0.000599s ]
INFO: [ app_begin ] --START--
INFO: Run Behavior\ReadHtmlCacheBehavior [ RunTime:0.000816s ]
INFO: [ app_begin ] --END-- [ RunTime:0.000876s ]
NOTIC: [2048] Declaration of Home\Controller\AdminController::show() should be compatible with Think\Controller::show($content, $charset = '', $contentType = '', $prefix = '') D:\WWW\weixin_tongshi\Application\Home\Controller\AdminController.class.php 第 109 行.
NOTIC: [8] A session had already been started - ignoring session_start() D:\WWW\weixin_tongshi\Application\Home\Controller\AdminController.class.php 第 7 行.
INFO: [ view_parse ] --START--
INFO: [ template_filter ] --START--
INFO: Run Behavior\ContentReplaceBehavior [ RunTime:0.000048s ]
INFO: [ template_filter ] --END-- [ RunTime:0.000102s ]
INFO: Run Behavior\ParseTemplateBehavior [ RunTime:0.007465s ]
INFO: [ view_parse ] --END-- [ RunTime:0.007538s ]
INFO: [ view_filter ] --START--
INFO: Run Behavior\WriteHtmlCacheBehavior [ RunTime:0.000707s ]
INFO: [ view_filter ] --END-- [ RunTime:0.000759s ]
INFO: [ app_end ] --START--
INFO: Run Behavior\ShowPageTraceBehavior [ RunTime:0.000730s ]
INFO: [ app_end ] --END-- [ RunTime:0.000774s ]

[ 2016-06-16T13:52:12+08:00 ] ::1 /weixin_tongshi/index.php/home/admin/show
INFO: [ app_init ] --START--
INFO: Run Behavior\BuildLiteBehavior [ RunTime:0.000042s ]
INFO: [ app_init ] --END-- [ RunTime:0.003086s ]
INFO: [ app_begin ] --START--
INFO: Run Behavior\ReadHtmlCacheBehavior [ RunTime:0.000750s ]
INFO: [ app_begin ] --END-- [ RunTime:0.000815s ]
NOTIC: [2048] Declaration of Home\Controller\AdminController::show() should be compatible with Think\Controller::show($content, $charset = '', $contentType = '', $prefix = '') D:\WWW\weixin_tongshi\Application\Home\Controller\AdminController.class.php 第 109 行.
NOTIC: [8] A session had already been started - ignoring session_start() D:\WWW\weixin_tongshi\Application\Home\Controller\AdminController.class.php 第 7 行.
INFO: [ view_parse ] --START--
INFO: [ template_filter ] --START--
INFO: Run Behavior\ContentReplaceBehavior [ RunTime:0.000043s ]
INFO: [ template_filter ] --END-- [ RunTime:0.000091s ]
INFO: Run Behavior\ParseTemplateBehavior [ RunTime:0.005930s ]
INFO: [ view_parse ] --END-- [ RunTime:0.005996s ]
INFO: [ view_filter ] --START--
INFO: Run Behavior\WriteHtmlCacheBehavior [ RunTime:0.000519s ]
INFO: [ view_filter ] --END-- [ RunTime:0.000561s ]
INFO: [ app_end ] --START--
INFO: Run Behavior\ShowPageTraceBehavior [ RunTime:0.001164s ]
INFO: [ app_end ] --END-- [ RunTime:0.001224s ]

[ 2016-06-16T13:52:14+08:00 ] ::1 /weixin_tongshi/index.php/Home/Admin/tongxun
INFO: [ app_init ] --START--
INFO: Run Behavior\BuildLiteBehavior [ RunTime:0.000012s ]
INFO: [ app_init ] --END-- [ RunTime:0.000595s ]
INFO: [ app_begin ] --START--
INFO: Run Behavior\ReadHtmlCacheBehavior [ RunTime:0.000778s ]
INFO: [ app_begin ] --END-- [ RunTime:0.000831s ]
NOTIC: [2048] Declaration of Home\Controller\AdminController::show() should be compatible with Think\Controller::show($content, $charset = '', $contentType = '', $prefix = '') D:\WWW\weixin_tongshi\Application\Home\Controller\AdminController.class.php 第 109 行.
NOTIC: [8] A session had already been started - ignoring session_start() D:\WWW\weixin_tongshi\Application\Home\Controller\AdminController.class.php 第 7 行.
INFO: [ app_end ] --START--
INFO: Run Behavior\ShowPageTraceBehavior [ RunTime:0.000796s ]
INFO: [ app_end ] --END-- [ RunTime:0.000845s ]

[ 2016-06-16T14:38:52+08:00 ] ::1 /weixin_tongshi/index.php/home/admin/show
INFO: [ app_init ] --START--
INFO: Run Behavior\BuildLiteBehavior [ RunTime:0.000014s ]
INFO: [ app_init ] --END-- [ RunTime:0.000745s ]
INFO: [ app_begin ] --START--
INFO: Run Behavior\ReadHtmlCacheBehavior [ RunTime:0.001243s ]
INFO: [ app_begin ] --END-- [ RunTime:0.001307s ]
NOTIC: [2048] Declaration of Home\Controller\AdminController::show() should be compatible with Think\Controller::show($content, $charset = '', $contentType = '', $prefix = '') D:\WWW\weixin_tongshi\Application\Home\Controller\AdminController.class.php 第 118 行.
NOTIC: [8] A session had already been started - ignoring session_start() D:\WWW\weixin_tongshi\Application\Home\Controller\AdminController.class.php 第 7 行.
INFO: [ view_parse ] --START--
INFO: [ template_filter ] --START--
INFO: Run Behavior\ContentReplaceBehavior [ RunTime:0.000056s ]
INFO: [ template_filter ] --END-- [ RunTime:0.000136s ]
INFO: Run Behavior\ParseTemplateBehavior [ RunTime:0.009827s ]
INFO: [ view_parse ] --END-- [ RunTime:0.009923s ]
INFO: [ view_filter ] --START--
INFO: Run Behavior\WriteHtmlCacheBehavior [ RunTime:0.000831s ]
INFO: [ view_filter ] --END-- [ RunTime:0.000883s ]
INFO: [ app_end ] --START--
INFO: Run Behavior\ShowPageTraceBehavior [ RunTime:0.000935s ]
INFO: [ app_end ] --END-- [ RunTime:0.000980s ]

[ 2016-06-16T14:57:37+08:00 ] ::1 /weixin_tongshi/index.php/home/admin/show
INFO: [ app_init ] --START--
INFO: Run Behavior\BuildLiteBehavior [ RunTime:0.000012s ]
INFO: [ app_init ] --END-- [ RunTime:0.000691s ]
INFO: [ app_begin ] --START--
INFO: Run Behavior\ReadHtmlCacheBehavior [ RunTime:0.001880s ]
INFO: [ app_begin ] --END-- [ RunTime:0.001964s ]
NOTIC: [2048] Declaration of Home\Controller\AdminController::show() should be compatible with Think\Controller::show($content, $charset = '', $contentType = '', $prefix = '') D:\WWW\weixin_tongshi\Application\Home\Controller\AdminController.class.php 第 118 行.
NOTIC: [8] A session had already been started - ignoring session_start() D:\WWW\weixin_tongshi\Application\Home\Controller\AdminController.class.php 第 7 行.
INFO: [ view_parse ] --START--
INFO: [ template_filter ] --START--
INFO: Run Behavior\ContentReplaceBehavior [ RunTime:0.000043s ]
INFO: [ template_filter ] --END-- [ RunTime:0.000093s ]
INFO: Run Behavior\ParseTemplateBehavior [ RunTime:0.008843s ]
INFO: [ view_parse ] --END-- [ RunTime:0.008894s ]
INFO: [ view_filter ] --START--
INFO: Run Behavior\WriteHtmlCacheBehavior [ RunTime:0.000774s ]
INFO: [ view_filter ] --END-- [ RunTime:0.000809s ]
INFO: [ app_end ] --START--
INFO: Run Behavior\ShowPageTraceBehavior [ RunTime:0.000839s ]
INFO: [ app_end ] --END-- [ RunTime:0.000877s ]

[ 2016-06-16T16:21:53+08:00 ] ::1 /weixin_tongshi/index.php/Home/Admin/tongxun
INFO: [ app_init ] --START--
INFO: Run Behavior\BuildLiteBehavior [ RunTime:0.000016s ]
INFO: [ app_init ] --END-- [ RunTime:0.000874s ]
INFO: [ app_begin ] --START--
INFO: Run Behavior\ReadHtmlCacheBehavior [ RunTime:0.001070s ]
INFO: [ app_begin ] --END-- [ RunTime:0.001150s ]
NOTIC: [2048] Declaration of Home\Controller\AdminController::show() should be compatible with Think\Controller::show($content, $charset = '', $contentType = '', $prefix = '') D:\WWW\weixin_tongshi\Application\Home\Controller\AdminController.class.php 第 118 行.
NOTIC: [8] A session had already been started - ignoring session_start() D:\WWW\weixin_tongshi\Application\Home\Controller\AdminController.class.php 第 7 行.
NOTIC: [8] Undefined property: stdClass::$department D:\WWW\weixin_tongshi\Application\Home\Controller\AdminController.class.php 第 67 行.
NOTIC: [8] Trying to get property of non-object D:\WWW\weixin_tongshi\Application\Home\Controller\AdminController.class.php 第 67 行.
INFO: [ app_end ] --START--
INFO: Run Behavior\ShowPageTraceBehavior [ RunTime:0.003934s ]
INFO: [ app_end ] --END-- [ RunTime:0.004165s ]

[ 2016-06-16T16:21:57+08:00 ] ::1 /weixin_tongshi/index.php/Home/Admin/tongxun
INFO: [ app_init ] --START--
INFO: Run Behavior\BuildLiteBehavior [ RunTime:0.000022s ]
INFO: [ app_init ] --END-- [ RunTime:0.001153s ]
INFO: [ app_begin ] --START--
INFO: Run Behavior\ReadHtmlCacheBehavior [ RunTime:0.000754s ]
INFO: [ app_begin ] --END-- [ RunTime:0.000801s ]
NOTIC: [2048] Declaration of Home\Controller\AdminController::show() should be compatible with Think\Controller::show($content, $charset = '', $contentType = '', $prefix = '') D:\WWW\weixin_tongshi\Application\Home\Controller\AdminController.class.php 第 118 行.
NOTIC: [8] A session had already been started - ignoring session_start() D:\WWW\weixin_tongshi\Application\Home\Controller\AdminController.class.php 第 7 行.
NOTIC: [8] Undefined property: stdClass::$department D:\WWW\weixin_tongshi\Application\Home\Controller\AdminController.class.php 第 67 行.
NOTIC: [8] Trying to get property of non-object D:\WWW\weixin_tongshi\Application\Home\Controller\AdminController.class.php 第 67 行.
INFO: [ app_end ] --START--
INFO: Run Behavior\ShowPageTraceBehavior [ RunTime:0.001109s ]
INFO: [ app_end ] --END-- [ RunTime:0.001203s ]

[ 2016-06-16T16:39:18+08:00 ] ::1 /weixin_tongshi/index.php/home/admin/show
INFO: [ app_init ] --START--
INFO: Run Behavior\BuildLiteBehavior [ RunTime:0.000014s ]
INFO: [ app_init ] --END-- [ RunTime:0.000715s ]
INFO: [ app_begin ] --START--
INFO: Run Behavior\ReadHtmlCacheBehavior [ RunTime:0.002009s ]
INFO: [ app_begin ] --END-- [ RunTime:0.002111s ]

[ 2016-06-16T16:40:24+08:00 ] ::1 /weixin_tongshi/index.php/home/admin/show
INFO: [ app_init ] --START--
INFO: Run Behavior\BuildLiteBehavior [ RunTime:0.000016s ]
INFO: [ app_init ] --END-- [ RunTime:0.000633s ]
INFO: [ app_begin ] --START--
INFO: Run Behavior\ReadHtmlCacheBehavior [ RunTime:0.000675s ]
INFO: [ app_begin ] --END-- [ RunTime:0.000728s ]
NOTIC: [2048] Declaration of Home\Controller\AdminController::show() should be compatible with Think\Controller::show($content, $charset = '', $contentType = '', $prefix = '') D:\WWW\weixin_tongshi\Application\Home\Controller\AdminController.class.php 第 131 行.
NOTIC: [8] A session had already been started - ignoring session_start() D:\WWW\weixin_tongshi\Application\Home\Controller\AdminController.class.php 第 7 行.
INFO: [ view_parse ] --START--
INFO: [ template_filter ] --START--
INFO: Run Behavior\ContentReplaceBehavior [ RunTime:0.000106s ]
INFO: [ template_filter ] --END-- [ RunTime:0.000254s ]
INFO: Run Behavior\ParseTemplateBehavior [ RunTime:0.010717s ]
INFO: [ view_parse ] --END-- [ RunTime:0.010797s ]
INFO: [ view_filter ] --START--
INFO: Run Behavior\WriteHtmlCacheBehavior [ RunTime:0.001049s ]
INFO: [ view_filter ] --END-- [ RunTime:0.001123s ]
INFO: [ app_end ] --START--
INFO: Run Behavior\ShowPageTraceBehavior [ RunTime:0.001414s ]
INFO: [ app_end ] --END-- [ RunTime:0.001466s ]

[ 2016-06-16T16:40:30+08:00 ] ::1 /weixin_tongshi/index.php/home/admin/show
INFO: [ app_init ] --START--
INFO: Run Behavior\BuildLiteBehavior [ RunTime:0.000014s ]
INFO: [ app_init ] --END-- [ RunTime:0.000712s ]
INFO: [ app_begin ] --START--
INFO: Run Behavior\ReadHtmlCacheBehavior [ RunTime:0.002380s ]
INFO: [ app_begin ] --END-- [ RunTime:0.002800s ]

[ 2016-06-16T16:41:09+08:00 ] ::1 /weixin_tongshi/index.php/home/admin/show
INFO: [ app_init ] --START--
INFO: Run Behavior\BuildLiteBehavior [ RunTime:0.000031s ]
INFO: [ app_init ] --END-- [ RunTime:0.002824s ]
INFO: [ app_begin ] --START--
INFO: Run Behavior\ReadHtmlCacheBehavior [ RunTime:0.001046s ]
INFO: [ app_begin ] --END-- [ RunTime:0.001132s ]
NOTIC: [2048] Declaration of Home\Controller\AdminController::show() should be compatible with Think\Controller::show($content, $charset = '', $contentType = '', $prefix = '') D:\WWW\weixin_tongshi\Application\Home\Controller\AdminController.class.php 第 131 行.
NOTIC: [8] A session had already been started - ignoring session_start() D:\WWW\weixin_tongshi\Application\Home\Controller\AdminController.class.php 第 7 行.
INFO: [ view_parse ] --START--
INFO: [ template_filter ] --START--
INFO: Run Behavior\ContentReplaceBehavior [ RunTime:0.000079s ]
INFO: [ template_filter ] --END-- [ RunTime:0.000178s ]
INFO: Run Behavior\ParseTemplateBehavior [ RunTime:0.011300s ]
INFO: [ view_parse ] --END-- [ RunTime:0.011396s ]
INFO: [ view_filter ] --START--
INFO: Run Behavior\WriteHtmlCacheBehavior [ RunTime:0.000817s ]
INFO: [ view_filter ] --END-- [ RunTime:0.000874s ]
INFO: [ app_end ] --START--
INFO: Run Behavior\ShowPageTraceBehavior [ RunTime:0.000920s ]
INFO: [ app_end ] --END-- [ RunTime:0.000969s ]

[ 2016-06-16T16:42:52+08:00 ] ::1 /weixin_tongshi/index.php/home/admin/show
INFO: [ app_init ] --START--
INFO: Run Behavior\BuildLiteBehavior [ RunTime:0.000016s ]
INFO: [ app_init ] --END-- [ RunTime:0.000727s ]
INFO: [ app_begin ] --START--
INFO: Run Behavior\ReadHtmlCacheBehavior [ RunTime:0.001082s ]
INFO: [ app_begin ] --END-- [ RunTime:0.001180s ]
NOTIC: [2048] Declaration of Home\Controller\AdminController::show() should be compatible with Think\Controller::show($content, $charset = '', $contentType = '', $prefix = '') D:\WWW\weixin_tongshi\Application\Home\Controller\AdminController.class.php 第 131 行.
NOTIC: [8] A session had already been started - ignoring session_start() D:\WWW\weixin_tongshi\Application\Home\Controller\AdminController.class.php 第 7 行.
INFO: [ view_parse ] --START--
INFO: [ template_filter ] --START--
INFO: Run Behavior\ContentReplaceBehavior [ RunTime:0.000059s ]
INFO: [ template_filter ] --END-- [ RunTime:0.000160s ]
INFO: Run Behavior\ParseTemplateBehavior [ RunTime:0.009982s ]
INFO: [ view_parse ] --END-- [ RunTime:0.010057s ]
INFO: [ view_filter ] --START--
INFO: Run Behavior\WriteHtmlCacheBehavior [ RunTime:0.000695s ]
INFO: [ view_filter ] --END-- [ RunTime:0.000738s ]
INFO: [ app_end ] --START--
INFO: Run Behavior\ShowPageTraceBehavior [ RunTime:0.000915s ]
INFO: [ app_end ] --END-- [ RunTime:0.000960s ]

[ 2016-06-16T16:43:06+08:00 ] ::1 /weixin_tongshi/index.php/home/admin/show
INFO: [ app_init ] --START--
INFO: Run Behavior\BuildLiteBehavior [ RunTime:0.000013s ]
INFO: [ app_init ] --END-- [ RunTime:0.000723s ]
INFO: [ app_begin ] --START--
INFO: Run Behavior\ReadHtmlCacheBehavior [ RunTime:0.000883s ]
INFO: [ app_begin ] --END-- [ RunTime:0.000930s ]

[ 2016-06-16T16:43:21+08:00 ] ::1 /weixin_tongshi/index.php/home/admin/show
INFO: [ app_init ] --START--
INFO: Run Behavior\BuildLiteBehavior [ RunTime:0.000012s ]
INFO: [ app_init ] --END-- [ RunTime:0.000600s ]
INFO: [ app_begin ] --START--
INFO: Run Behavior\ReadHtmlCacheBehavior [ RunTime:0.000651s ]
INFO: [ app_begin ] --END-- [ RunTime:0.000696s ]
NOTIC: [2048] Declaration of Home\Controller\AdminController::show() should be compatible with Think\Controller::show($content, $charset = '', $contentType = '', $prefix = '') D:\WWW\weixin_tongshi\Application\Home\Controller\AdminController.class.php 第 133 行.
NOTIC: [8] A session had already been started - ignoring session_start() D:\WWW\weixin_tongshi\Application\Home\Controller\AdminController.class.php 第 7 行.
INFO: [ view_parse ] --START--
INFO: [ template_filter ] --START--
INFO: Run Behavior\ContentReplaceBehavior [ RunTime:0.000059s ]
INFO: [ template_filter ] --END-- [ RunTime:0.000115s ]
INFO: Run Behavior\ParseTemplateBehavior [ RunTime:0.008129s ]
INFO: [ view_parse ] --END-- [ RunTime:0.008179s ]
INFO: [ view_filter ] --START--
INFO: Run Behavior\WriteHtmlCacheBehavior [ RunTime:0.000705s ]
INFO: [ view_filter ] --END-- [ RunTime:0.000742s ]
INFO: [ app_end ] --START--
INFO: Run Behavior\ShowPageTraceBehavior [ RunTime:0.000858s ]
INFO: [ app_end ] --END-- [ RunTime:0.000914s ]

[ 2016-06-16T16:43:38+08:00 ] ::1 /weixin_tongshi/index.php/Home/Admin/tongxun
INFO: [ app_init ] --START--
INFO: Run Behavior\BuildLiteBehavior [ RunTime:0.000012s ]
INFO: [ app_init ] --END-- [ RunTime:0.000644s ]
INFO: [ app_begin ] --START--
INFO: Run Behavior\ReadHtmlCacheBehavior [ RunTime:0.000699s ]
INFO: [ app_begin ] --END-- [ RunTime:0.000740s ]
NOTIC: [2048] Declaration of Home\Controller\AdminController::show() should be compatible with Think\Controller::show($content, $charset = '', $contentType = '', $prefix = '') D:\WWW\weixin_tongshi\Application\Home\Controller\AdminController.class.php 第 133 行.
NOTIC: [8] A session had already been started - ignoring session_start() D:\WWW\weixin_tongshi\Application\Home\Controller\AdminController.class.php 第 7 行.
NOTIC: [8] Undefined property: stdClass::$department D:\WWW\weixin_tongshi\Application\Home\Controller\AdminController.class.php 第 67 行.
NOTIC: [8] Trying to get property of non-object D:\WWW\weixin_tongshi\Application\Home\Controller\AdminController.class.php 第 67 行.
INFO: [ app_end ] --START--
INFO: Run Behavior\ShowPageTraceBehavior [ RunTime:0.002969s ]
INFO: [ app_end ] --END-- [ RunTime:0.003207s ]

[ 2016-06-16T16:43:42+08:00 ] ::1 /weixin_tongshi/index.php/home/admin/show
INFO: [ app_init ] --START--
INFO: Run Behavior\BuildLiteBehavior [ RunTime:0.000013s ]
INFO: [ app_init ] --END-- [ RunTime:0.000612s ]
INFO: [ app_begin ] --START--
INFO: Run Behavior\ReadHtmlCacheBehavior [ RunTime:0.000717s ]
INFO: [ app_begin ] --END-- [ RunTime:0.000762s ]
NOTIC: [2048] Declaration of Home\Controller\AdminController::show() should be compatible with Think\Controller::show($content, $charset = '', $contentType = '', $prefix = '') D:\WWW\weixin_tongshi\Application\Home\Controller\AdminController.class.php 第 133 行.
NOTIC: [8] A session had already been started - ignoring session_start() D:\WWW\weixin_tongshi\Application\Home\Controller\AdminController.class.php 第 7 行.
INFO: [ view_parse ] --START--
INFO: [ template_filter ] --START--
INFO: Run Behavior\ContentReplaceBehavior [ RunTime:0.000042s ]
INFO: [ template_filter ] --END-- [ RunTime:0.000093s ]
INFO: Run Behavior\ParseTemplateBehavior [ RunTime:0.007158s ]
INFO: [ view_parse ] --END-- [ RunTime:0.007206s ]
INFO: [ view_filter ] --START--
INFO: Run Behavior\WriteHtmlCacheBehavior [ RunTime:0.000520s ]
INFO: [ view_filter ] --END-- [ RunTime:0.000557s ]
INFO: [ app_end ] --START--
INFO: Run Behavior\ShowPageTraceBehavior [ RunTime:0.000713s ]
INFO: [ app_end ] --END-- [ RunTime:0.000757s ]

[ 2016-06-16T16:43:44+08:00 ] ::1 /weixin_tongshi/index.php/Home/Admin/tongxun
INFO: [ app_init ] --START--
INFO: Run Behavior\BuildLiteBehavior [ RunTime:0.000013s ]
INFO: [ app_init ] --END-- [ RunTime:0.000628s ]
INFO: [ app_begin ] --START--
INFO: Run Behavior\ReadHtmlCacheBehavior [ RunTime:0.000721s ]
INFO: [ app_begin ] --END-- [ RunTime:0.000763s ]
NOTIC: [2048] Declaration of Home\Controller\AdminController::show() should be compatible with Think\Controller::show($content, $charset = '', $contentType = '', $prefix = '') D:\WWW\weixin_tongshi\Application\Home\Controller\AdminController.class.php 第 133 行.
NOTIC: [8] A session had already been started - ignoring session_start() D:\WWW\weixin_tongshi\Application\Home\Controller\AdminController.class.php 第 7 行.
NOTIC: [8] Undefined property: stdClass::$department D:\WWW\weixin_tongshi\Application\Home\Controller\AdminController.class.php 第 67 行.
NOTIC: [8] Trying to get property of non-object D:\WWW\weixin_tongshi\Application\Home\Controller\AdminController.class.php 第 67 行.
INFO: [ app_end ] --START--
INFO: Run Behavior\ShowPageTraceBehavior [ RunTime:0.001196s ]
INFO: [ app_end ] --END-- [ RunTime:0.001300s ]

[ 2016-06-16T16:44:24+08:00 ] ::1 /weixin_tongshi/index.php/home/admin/show
INFO: [ app_init ] --START--
INFO: Run Behavior\BuildLiteBehavior [ RunTime:0.000015s ]
INFO: [ app_init ] --END-- [ RunTime:0.000816s ]
INFO: [ app_begin ] --START--
INFO: Run Behavior\ReadHtmlCacheBehavior [ RunTime:0.000716s ]
INFO: [ app_begin ] --END-- [ RunTime:0.000774s ]

[ 2016-06-16T16:44:30+08:00 ] ::1 /weixin_tongshi/index.php/home/admin/show
INFO: [ app_init ] --START--
INFO: Run Behavior\BuildLiteBehavior [ RunTime:0.000015s ]
INFO: [ app_init ] --END-- [ RunTime:0.000569s ]
INFO: [ app_begin ] --START--
INFO: Run Behavior\ReadHtmlCacheBehavior [ RunTime:0.000655s ]
INFO: [ app_begin ] --END-- [ RunTime:0.000705s ]

[ 2016-06-16T16:45:06+08:00 ] ::1 /weixin_tongshi/index.php/home/admin/show
INFO: [ app_init ] --START--
INFO: Run Behavior\BuildLiteBehavior [ RunTime:0.000012s ]
INFO: [ app_init ] --END-- [ RunTime:0.000595s ]
INFO: [ app_begin ] --START--
INFO: Run Behavior\ReadHtmlCacheBehavior [ RunTime:0.000743s ]
INFO: [ app_begin ] --END-- [ RunTime:0.000787s ]
NOTIC: [2048] Declaration of Home\Controller\AdminController::show() should be compatible with Think\Controller::show($content, $charset = '', $contentType = '', $prefix = '') D:\WWW\weixin_tongshi\Application\Home\Controller\AdminController.class.php 第 133 行.
NOTIC: [8] A session had already been started - ignoring session_start() D:\WWW\weixin_tongshi\Application\Home\Controller\AdminController.class.php 第 7 行.
INFO: [ view_parse ] --START--
INFO: [ template_filter ] --START--
INFO: Run Behavior\ContentReplaceBehavior [ RunTime:0.000048s ]
INFO: [ template_filter ] --END-- [ RunTime:0.000104s ]
INFO: Run Behavior\ParseTemplateBehavior [ RunTime:0.007105s ]
INFO: [ view_parse ] --END-- [ RunTime:0.007159s ]
INFO: [ view_filter ] --START--
INFO: Run Behavior\WriteHtmlCacheBehavior [ RunTime:0.000600s ]
INFO: [ view_filter ] --END-- [ RunTime:0.000641s ]
INFO: [ app_end ] --START--
INFO: Run Behavior\ShowPageTraceBehavior [ RunTime:0.000777s ]
INFO: [ app_end ] --END-- [ RunTime:0.000821s ]

[ 2016-06-16T16:45:19+08:00 ] ::1 /weixin_tongshi/index.php/home/admin/show
INFO: [ app_init ] --START--
INFO: Run Behavior\BuildLiteBehavior [ RunTime:0.000018s ]
INFO: [ app_init ] --END-- [ RunTime:0.001006s ]
INFO: [ app_begin ] --START--
INFO: Run Behavior\ReadHtmlCacheBehavior [ RunTime:0.000969s ]
INFO: [ app_begin ] --END-- [ RunTime:0.001037s ]
NOTIC: [2048] Declaration of Home\Controller\AdminController::show() should be compatible with Think\Controller::show($content, $charset = '', $contentType = '', $prefix = '') D:\WWW\weixin_tongshi\Application\Home\Controller\AdminController.class.php 第 129 行.
NOTIC: [8] A session had already been started - ignoring session_start() D:\WWW\weixin_tongshi\Application\Home\Controller\AdminController.class.php 第 7 行.
INFO: [ view_parse ] --START--
INFO: [ template_filter ] --START--
INFO: Run Behavior\ContentReplaceBehavior [ RunTime:0.000062s ]
INFO: [ template_filter ] --END-- [ RunTime:0.000146s ]
INFO: Run Behavior\ParseTemplateBehavior [ RunTime:0.007211s ]
INFO: [ view_parse ] --END-- [ RunTime:0.007270s ]
INFO: [ view_filter ] --START--
INFO: Run Behavior\WriteHtmlCacheBehavior [ RunTime:0.000550s ]
INFO: [ view_filter ] --END-- [ RunTime:0.000586s ]
INFO: [ app_end ] --START--
INFO: Run Behavior\ShowPageTraceBehavior [ RunTime:0.000733s ]
INFO: [ app_end ] --END-- [ RunTime:0.000769s ]

[ 2016-06-16T16:46:08+08:00 ] ::1 /weixin_tongshi/index.php/home/admin/show
INFO: [ app_init ] --START--
INFO: Run Behavior\BuildLiteBehavior [ RunTime:0.000015s ]
INFO: [ app_init ] --END-- [ RunTime:0.000676s ]
INFO: [ app_begin ] --START--
INFO: Run Behavior\ReadHtmlCacheBehavior [ RunTime:0.000921s ]
INFO: [ app_begin ] --END-- [ RunTime:0.000975s ]
NOTIC: [2048] Declaration of Home\Controller\AdminController::show() should be compatible with Think\Controller::show($content, $charset = '', $contentType = '', $prefix = '') D:\WWW\weixin_tongshi\Application\Home\Controller\AdminController.class.php 第 132 行.
NOTIC: [8] A session had already been started - ignoring session_start() D:\WWW\weixin_tongshi\Application\Home\Controller\AdminController.class.php 第 7 行.
INFO: [ view_parse ] --START--
INFO: [ template_filter ] --START--
INFO: Run Behavior\ContentReplaceBehavior [ RunTime:0.000051s ]
INFO: [ template_filter ] --END-- [ RunTime:0.000110s ]
INFO: Run Behavior\ParseTemplateBehavior [ RunTime:0.007969s ]
INFO: [ view_parse ] --END-- [ RunTime:0.008052s ]
INFO: [ view_filter ] --START--
INFO: Run Behavior\WriteHtmlCacheBehavior [ RunTime:0.000738s ]
INFO: [ view_filter ] --END-- [ RunTime:0.000781s ]
INFO: [ app_end ] --START--
INFO: Run Behavior\ShowPageTraceBehavior [ RunTime:0.000950s ]
INFO: [ app_end ] --END-- [ RunTime:0.000995s ]

[ 2016-06-16T16:46:11+08:00 ] ::1 /weixin_tongshi/index.php/Home/Admin/tongxun
INFO: [ app_init ] --START--
INFO: Run Behavior\BuildLiteBehavior [ RunTime:0.000013s ]
INFO: [ app_init ] --END-- [ RunTime:0.000623s ]
INFO: [ app_begin ] --START--
INFO: Run Behavior\ReadHtmlCacheBehavior [ RunTime:0.000747s ]
INFO: [ app_begin ] --END-- [ RunTime:0.000836s ]
NOTIC: [2048] Declaration of Home\Controller\AdminController::show() should be compatible with Think\Controller::show($content, $charset = '', $contentType = '', $prefix = '') D:\WWW\weixin_tongshi\Application\Home\Controller\AdminController.class.php 第 132 行.
NOTIC: [8] A session had already been started - ignoring session_start() D:\WWW\weixin_tongshi\Application\Home\Controller\AdminController.class.php 第 7 行.
NOTIC: [8] Undefined property: stdClass::$department D:\WWW\weixin_tongshi\Application\Home\Controller\AdminController.class.php 第 67 行.
NOTIC: [8] Trying to get property of non-object D:\WWW\weixin_tongshi\Application\Home\Controller\AdminController.class.php 第 67 行.
NOTIC: [8] Undefined property: stdClass::$userList D:\WWW\weixin_tongshi\Application\Home\Controller\AdminController.class.php 第 76 行.
NOTIC: [2] Invalid argument supplied for foreach() D:\WWW\weixin_tongshi\Application\Home\Controller\AdminController.class.php 第 76 行.
INFO: [ app_end ] --START--
INFO: Run Behavior\ShowPageTraceBehavior [ RunTime:0.001130s ]
INFO: [ app_end ] --END-- [ RunTime:0.001220s ]

[ 2016-06-16T19:38:42+08:00 ] ::1 /weixin_tongshi/
INFO: [ app_init ] --START--
INFO: Run Behavior\BuildLiteBehavior [ RunTime:0.000012s ]
INFO: [ app_init ] --END-- [ RunTime:0.000703s ]
INFO: [ app_begin ] --START--
INFO: Run Behavior\ReadHtmlCacheBehavior [ RunTime:0.000904s ]
INFO: [ app_begin ] --END-- [ RunTime:0.000949s ]
INFO: [ view_parse ] --START--
INFO: Run Behavior\ParseTemplateBehavior [ RunTime:0.016909s ]
INFO: [ view_parse ] --END-- [ RunTime:0.017001s ]
INFO: [ view_filter ] --START--
INFO: Run Behavior\WriteHtmlCacheBehavior [ RunTime:0.001056s ]
INFO: [ view_filter ] --END-- [ RunTime:0.001114s ]
INFO: [ app_end ] --START--
INFO: Run Behavior\ShowPageTraceBehavior [ RunTime:0.001009s ]
INFO: [ app_end ] --END-- [ RunTime:0.001064s ]

[ 2016-06-16T19:38:48+08:00 ] ::1 /weixin_tongshi/index.php/home/admin/addhua
INFO: [ app_init ] --START--
INFO: Run Behavior\BuildLiteBehavior [ RunTime:0.000014s ]
INFO: [ app_init ] --END-- [ RunTime:0.000677s ]
INFO: [ app_begin ] --START--
INFO: Run Behavior\ReadHtmlCacheBehavior [ RunTime:0.001884s ]
INFO: [ app_begin ] --END-- [ RunTime:0.002078s ]

[ 2016-06-16T19:39:25+08:00 ] ::1 /weixin_tongshi/index.php/home/admin/addhua
INFO: [ app_init ] --START--
INFO: Run Behavior\BuildLiteBehavior [ RunTime:0.000014s ]
INFO: [ app_init ] --END-- [ RunTime:0.000669s ]
INFO: [ app_begin ] --START--
INFO: Run Behavior\ReadHtmlCacheBehavior [ RunTime:0.000905s ]
INFO: [ app_begin ] --END-- [ RunTime:0.000961s ]
NOTIC: [2048] Declaration of Home\Controller\AdminController::show() should be compatible with Think\Controller::show($content, $charset = '', $contentType = '', $prefix = '') D:\WWW\weixin_tongshi\Application\Home\Controller\AdminController.class.php 第 130 行.
NOTIC: [8] A session had already been started - ignoring session_start() D:\WWW\weixin_tongshi\Application\Home\Controller\AdminController.class.php 第 7 行.
NOTIC: [8] Undefined index: code D:\WWW\weixin_tongshi\Application\Home\Controller\AdminController.class.php 第 39 行.
NOTIC: [8] Undefined property: stdClass::$UserId D:\WWW\weixin_tongshi\Application\Home\Controller\AdminController.class.php 第 50 行.
INFO: [ view_parse ] --START--
INFO: [ template_filter ] --START--
INFO: Run Behavior\ContentReplaceBehavior [ RunTime:0.000060s ]
INFO: [ template_filter ] --END-- [ RunTime:0.000126s ]
INFO: Run Behavior\ParseTemplateBehavior [ RunTime:0.009346s ]
INFO: [ view_parse ] --END-- [ RunTime:0.009432s ]
INFO: [ view_filter ] --START--
INFO: Run Behavior\WriteHtmlCacheBehavior [ RunTime:0.000709s ]
INFO: [ view_filter ] --END-- [ RunTime:0.000773s ]
INFO: [ app_end ] --START--
INFO: Run Behavior\ShowPageTraceBehavior [ RunTime:0.001053s ]
INFO: [ app_end ] --END-- [ RunTime:0.001154s ]

[ 2016-06-16T19:39:49+08:00 ] ::1 /weixin_tongshi/index.php/home/admin/addhua
INFO: [ app_init ] --START--
INFO: Run Behavior\BuildLiteBehavior [ RunTime:0.000025s ]
INFO: [ app_init ] --END-- [ RunTime:0.001127s ]
INFO: [ app_begin ] --START--
INFO: Run Behavior\ReadHtmlCacheBehavior [ RunTime:0.000990s ]
INFO: [ app_begin ] --END-- [ RunTime:0.001049s ]
NOTIC: [2048] Declaration of Home\Controller\AdminController::show() should be compatible with Think\Controller::show($content, $charset = '', $contentType = '', $prefix = '') D:\WWW\weixin_tongshi\Application\Home\Controller\AdminController.class.php 第 130 行.
NOTIC: [8] A session had already been started - ignoring session_start() D:\WWW\weixin_tongshi\Application\Home\Controller\AdminController.class.php 第 7 行.
NOTIC: [8] Undefined index: code D:\WWW\weixin_tongshi\Application\Home\Controller\AdminController.class.php 第 39 行.
NOTIC: [8] Undefined property: stdClass::$UserId D:\WWW\weixin_tongshi\Application\Home\Controller\AdminController.class.php 第 50 行.
INFO: [ view_parse ] --START--
INFO: [ template_filter ] --START--
INFO: Run Behavior\ContentReplaceBehavior [ RunTime:0.000137s ]
INFO: [ template_filter ] --END-- [ RunTime:0.000296s ]
INFO: Run Behavior\ParseTemplateBehavior [ RunTime:0.023541s ]
INFO: [ view_parse ] --END-- [ RunTime:0.023729s ]
INFO: [ view_filter ] --START--
INFO: Run Behavior\WriteHtmlCacheBehavior [ RunTime:0.002978s ]
INFO: [ view_filter ] --END-- [ RunTime:0.003141s ]
INFO: [ app_end ] --START--
INFO: Run Behavior\ShowPageTraceBehavior [ RunTime:0.003951s ]
INFO: [ app_end ] --END-- [ RunTime:0.004114s ]

[ 2016-06-16T19:40:31+08:00 ] ::1 /weixin_tongshi/index.php/home/admin/addhua
INFO: [ app_init ] --START--
INFO: Run Behavior\BuildLiteBehavior [ RunTime:0.000014s ]
INFO: [ app_init ] --END-- [ RunTime:0.000713s ]
INFO: [ app_begin ] --START--
INFO: Run Behavior\ReadHtmlCacheBehavior [ RunTime:0.002213s ]
INFO: [ app_begin ] --END-- [ RunTime:0.002337s ]
NOTIC: [2048] Declaration of Home\Controller\AdminController::show() should be compatible with Think\Controller::show($content, $charset = '', $contentType = '', $prefix = '') D:\WWW\weixin_tongshi\Application\Home\Controller\AdminController.class.php 第 130 行.
NOTIC: [8] A session had already been started - ignoring session_start() D:\WWW\weixin_tongshi\Application\Home\Controller\AdminController.class.php 第 7 行.
NOTIC: [8] Undefined index: code D:\WWW\weixin_tongshi\Application\Home\Controller\AdminController.class.php 第 39 行.
NOTIC: [8] Undefined property: stdClass::$UserId D:\WWW\weixin_tongshi\Application\Home\Controller\AdminController.class.php 第 50 行.
INFO: [ view_parse ] --START--
INFO: [ template_filter ] --START--
INFO: Run Behavior\ContentReplaceBehavior [ RunTime:0.000115s ]
INFO: [ template_filter ] --END-- [ RunTime:0.000224s ]
INFO: Run Behavior\ParseTemplateBehavior [ RunTime:0.014942s ]
INFO: [ view_parse ] --END-- [ RunTime:0.015058s ]
INFO: [ view_filter ] --START--
INFO: Run Behavior\WriteHtmlCacheBehavior [ RunTime:0.001308s ]
INFO: [ view_filter ] --END-- [ RunTime:0.001385s ]
INFO: [ app_end ] --START--
INFO: Run Behavior\ShowPageTraceBehavior [ RunTime:0.001670s ]
INFO: [ app_end ] --END-- [ RunTime:0.001748s ]

[ 2016-06-16T19:41:56+08:00 ] ::1 /weixin_tongshi/index.php/home/admin/show
INFO: [ app_init ] --START--
INFO: Run Behavior\BuildLiteBehavior [ RunTime:0.000021s ]
INFO: [ app_init ] --END-- [ RunTime:0.000927s ]
INFO: [ app_begin ] --START--
INFO: Run Behavior\ReadHtmlCacheBehavior [ RunTime:0.000941s ]
INFO: [ app_begin ] --END-- [ RunTime:0.000995s ]
NOTIC: [2048] Declaration of Home\Controller\AdminController::show() should be compatible with Think\Controller::show($content, $charset = '', $contentType = '', $prefix = '') D:\WWW\weixin_tongshi\Application\Home\Controller\AdminController.class.php 第 130 行.
NOTIC: [8] A session had already been started - ignoring session_start() D:\WWW\weixin_tongshi\Application\Home\Controller\AdminController.class.php 第 7 行.
INFO: [ view_parse ] --START--
INFO: [ template_filter ] --START--
INFO: Run Behavior\ContentReplaceBehavior [ RunTime:0.000043s ]
INFO: [ template_filter ] --END-- [ RunTime:0.000087s ]
INFO: Run Behavior\ParseTemplateBehavior [ RunTime:0.006489s ]
INFO: [ view_parse ] --END-- [ RunTime:0.006558s ]
INFO: [ view_filter ] --START--
INFO: Run Behavior\WriteHtmlCacheBehavior [ RunTime:0.000970s ]
INFO: [ view_filter ] --END-- [ RunTime:0.001028s ]
INFO: [ app_end ] --START--
INFO: Run Behavior\ShowPageTraceBehavior [ RunTime:0.001334s ]
INFO: [ app_end ] --END-- [ RunTime:0.001392s ]

[ 2016-06-16T19:59:01+08:00 ] ::1 /weixin_tongshi/index.php/home/admin/show
INFO: [ app_init ] --START--
INFO: Run Behavior\BuildLiteBehavior [ RunTime:0.000024s ]
INFO: [ app_init ] --END-- [ RunTime:0.001345s ]
INFO: [ app_begin ] --START--
INFO: Run Behavior\ReadHtmlCacheBehavior [ RunTime:0.001116s ]
INFO: [ app_begin ] --END-- [ RunTime:0.001195s ]
NOTIC: [8] A session had already been started - ignoring session_start() D:\WWW\weixin_tongshi\ThinkPHP\Common\functions.php 第 1263 行.
NOTIC: [2048] Declaration of Home\Controller\AdminController::show() should be compatible with Think\Controller::show($content, $charset = '', $contentType = '', $prefix = '') D:\WWW\weixin_tongshi\Application\Home\Controller\AdminController.class.php 第 137 行.
NOTIC: [8] A session had already been started - ignoring session_start() D:\WWW\weixin_tongshi\Application\Home\Controller\AdminController.class.php 第 7 行.
INFO: [ view_parse ] --START--
INFO: [ template_filter ] --START--
INFO: Run Behavior\ContentReplaceBehavior [ RunTime:0.000052s ]
INFO: [ template_filter ] --END-- [ RunTime:0.000123s ]
INFO: Run Behavior\ParseTemplateBehavior [ RunTime:0.007455s ]
INFO: [ view_parse ] --END-- [ RunTime:0.007523s ]
INFO: [ view_filter ] --START--
INFO: Run Behavior\WriteHtmlCacheBehavior [ RunTime:0.000812s ]
INFO: [ view_filter ] --END-- [ RunTime:0.000913s ]
INFO: [ app_end ] --START--
INFO: Run Behavior\ShowPageTraceBehavior [ RunTime:0.001755s ]
INFO: [ app_end ] --END-- [ RunTime:0.001836s ]

[ 2016-06-16T19:59:24+08:00 ] ::1 /weixin_tongshi/index.php/home/admin/show
INFO: [ app_init ] --START--
INFO: Run Behavior\BuildLiteBehavior [ RunTime:0.000024s ]
INFO: [ app_init ] --END-- [ RunTime:0.000695s ]
INFO: [ app_begin ] --START--
INFO: Run Behavior\ReadHtmlCacheBehavior [ RunTime:0.000702s ]
INFO: [ app_begin ] --END-- [ RunTime:0.000748s ]
NOTIC: [8] A session had already been started - ignoring session_start() D:\WWW\weixin_tongshi\ThinkPHP\Common\functions.php 第 1263 行.
NOTIC: [2048] Declaration of Home\Controller\AdminController::show() should be compatible with Think\Controller::show($content, $charset = '', $contentType = '', $prefix = '') D:\WWW\weixin_tongshi\Application\Home\Controller\AdminController.class.php 第 137 行.
NOTIC: [8] A session had already been started - ignoring session_start() D:\WWW\weixin_tongshi\Application\Home\Controller\AdminController.class.php 第 7 行.
INFO: [ view_parse ] --START--
INFO: [ template_filter ] --START--
INFO: Run Behavior\ContentReplaceBehavior [ RunTime:0.000065s ]
INFO: [ template_filter ] --END-- [ RunTime:0.000139s ]
NOTIC: [8] Undefined variable: data D:\WWW\weixin_tongshi\Application\Runtime\Cache\Home\5a6e40eedc8109aa84586b754b1ccd5a.php 第 50 行.
NOTIC: [8] Undefined variable: data D:\WWW\weixin_tongshi\Application\Runtime\Cache\Home\5a6e40eedc8109aa84586b754b1ccd5a.php 第 51 行.
NOTIC: [8] Undefined variable: data D:\WWW\weixin_tongshi\Application\Runtime\Cache\Home\5a6e40eedc8109aa84586b754b1ccd5a.php 第 52 行.
INFO: Run Behavior\ParseTemplateBehavior [ RunTime:0.047762s ]
INFO: [ view_parse ] --END-- [ RunTime:0.047813s ]
INFO: [ view_filter ] --START--
INFO: Run Behavior\WriteHtmlCacheBehavior [ RunTime:0.000640s ]
INFO: [ view_filter ] --END-- [ RunTime:0.000678s ]
INFO: [ app_end ] --START--
INFO: Run Behavior\ShowPageTraceBehavior [ RunTime:0.000652s ]
INFO: [ app_end ] --END-- [ RunTime:0.000699s ]

[ 2016-06-16T21:09:53+08:00 ] ::1 /weixin_tongshi/index.php/home/admin/show
INFO: [ app_init ] --START--
INFO: Run Behavior\BuildLiteBehavior [ RunTime:0.000017s ]
INFO: [ app_init ] --END-- [ RunTime:0.001096s ]
INFO: [ app_begin ] --START--
INFO: Run Behavior\ReadHtmlCacheBehavior [ RunTime:0.001157s ]
INFO: [ app_begin ] --END-- [ RunTime:0.001209s ]
NOTIC: [8] A session had already been started - ignoring session_start() D:\WWW\weixin_tongshi\ThinkPHP\Common\functions.php 第 1263 行.
NOTIC: [2048] Declaration of Home\Controller\AdminController::show() should be compatible with Think\Controller::show($content, $charset = '', $contentType = '', $prefix = '') D:\WWW\weixin_tongshi\Application\Home\Controller\AdminController.class.php 第 149 行.
NOTIC: [8] A session had already been started - ignoring session_start() D:\WWW\weixin_tongshi\Application\Home\Controller\AdminController.class.php 第 7 行.
INFO: [ view_parse ] --START--
INFO: [ template_filter ] --START--
INFO: Run Behavior\ContentReplaceBehavior [ RunTime:0.000047s ]
INFO: [ template_filter ] --END-- [ RunTime:0.000102s ]
NOTIC: [8] Undefined variable: data D:\WWW\weixin_tongshi\Application\Runtime\Cache\Home\5a6e40eedc8109aa84586b754b1ccd5a.php 第 50 行.
NOTIC: [8] Undefined variable: data D:\WWW\weixin_tongshi\Application\Runtime\Cache\Home\5a6e40eedc8109aa84586b754b1ccd5a.php 第 51 行.
NOTIC: [8] Undefined variable: data D:\WWW\weixin_tongshi\Application\Runtime\Cache\Home\5a6e40eedc8109aa84586b754b1ccd5a.php 第 52 行.
INFO: Run Behavior\ParseTemplateBehavior [ RunTime:0.056794s ]
INFO: [ view_parse ] --END-- [ RunTime:0.056842s ]
INFO: [ view_filter ] --START--
INFO: Run Behavior\WriteHtmlCacheBehavior [ RunTime:0.014654s ]
INFO: [ view_filter ] --END-- [ RunTime:0.014722s ]
INFO: [ app_end ] --START--
INFO: Run Behavior\ShowPageTraceBehavior [ RunTime:0.001591s ]
INFO: [ app_end ] --END-- [ RunTime:0.001652s ]

[ 2016-06-16T21:10:48+08:00 ] ::1 /weixin_tongshi/index.php/home/admin/show
INFO: [ app_init ] --START--
INFO: Run Behavior\BuildLiteBehavior [ RunTime:0.000018s ]
INFO: [ app_init ] --END-- [ RunTime:0.000822s ]
INFO: [ app_begin ] --START--
INFO: Run Behavior\ReadHtmlCacheBehavior [ RunTime:0.000949s ]
INFO: [ app_begin ] --END-- [ RunTime:0.001016s ]
NOTIC: [8] A session had already been started - ignoring session_start() D:\WWW\weixin_tongshi\ThinkPHP\Common\functions.php 第 1263 行.
NOTIC: [2048] Declaration of Home\Controller\AdminController::show() should be compatible with Think\Controller::show($content, $charset = '', $contentType = '', $prefix = '') D:\WWW\weixin_tongshi\Application\Home\Controller\AdminController.class.php 第 149 行.
NOTIC: [8] A session had already been started - ignoring session_start() D:\WWW\weixin_tongshi\Application\Home\Controller\AdminController.class.php 第 7 行.
INFO: [ view_parse ] --START--
INFO: [ template_filter ] --START--
INFO: Run Behavior\ContentReplaceBehavior [ RunTime:0.000062s ]
INFO: [ template_filter ] --END-- [ RunTime:0.000135s ]
NOTIC: [8] Undefined variable: data D:\WWW\weixin_tongshi\Application\Runtime\Cache\Home\5a6e40eedc8109aa84586b754b1ccd5a.php 第 50 行.
NOTIC: [8] Undefined variable: data D:\WWW\weixin_tongshi\Application\Runtime\Cache\Home\5a6e40eedc8109aa84586b754b1ccd5a.php 第 51 行.
NOTIC: [8] Undefined variable: data D:\WWW\weixin_tongshi\Application\Runtime\Cache\Home\5a6e40eedc8109aa84586b754b1ccd5a.php 第 52 行.
INFO: Run Behavior\ParseTemplateBehavior [ RunTime:0.011260s ]
INFO: [ view_parse ] --END-- [ RunTime:0.011309s ]
INFO: [ view_filter ] --START--
INFO: Run Behavior\WriteHtmlCacheBehavior [ RunTime:0.000670s ]
INFO: [ view_filter ] --END-- [ RunTime:0.000709s ]
INFO: [ app_end ] --START--
INFO: Run Behavior\ShowPageTraceBehavior [ RunTime:0.000852s ]
INFO: [ app_end ] --END-- [ RunTime:0.000902s ]

[ 2016-06-16T21:11:28+08:00 ] ::1 /weixin_tongshi/index.php/home/admin/show
INFO: [ app_init ] --START--
INFO: Run Behavior\BuildLiteBehavior [ RunTime:0.000015s ]
INFO: [ app_init ] --END-- [ RunTime:0.000762s ]
INFO: [ app_begin ] --START--
INFO: Run Behavior\ReadHtmlCacheBehavior [ RunTime:0.000686s ]
INFO: [ app_begin ] --END-- [ RunTime:0.000744s ]
NOTIC: [8] A session had already been started - ignoring session_start() D:\WWW\weixin_tongshi\ThinkPHP\Common\functions.php 第 1263 行.
NOTIC: [2048] Declaration of Home\Controller\AdminController::show() should be compatible with Think\Controller::show($content, $charset = '', $contentType = '', $prefix = '') D:\WWW\weixin_tongshi\Application\Home\Controller\AdminController.class.php 第 149 行.
NOTIC: [8] A session had already been started - ignoring session_start() D:\WWW\weixin_tongshi\Application\Home\Controller\AdminController.class.php 第 7 行.
INFO: [ view_parse ] --START--
INFO: [ template_filter ] --START--
INFO: Run Behavior\ContentReplaceBehavior [ RunTime:0.000289s ]
INFO: [ template_filter ] --END-- [ RunTime:0.000452s ]
NOTIC: [8] Undefined variable: data D:\WWW\weixin_tongshi\Application\Runtime\Cache\Home\5a6e40eedc8109aa84586b754b1ccd5a.php 第 44 行.
NOTIC: [8] Undefined variable: data D:\WWW\weixin_tongshi\Application\Runtime\Cache\Home\5a6e40eedc8109aa84586b754b1ccd5a.php 第 51 行.
NOTIC: [8] Undefined variable: data D:\WWW\weixin_tongshi\Application\Runtime\Cache\Home\5a6e40eedc8109aa84586b754b1ccd5a.php 第 52 行.
NOTIC: [8] Undefined variable: data D:\WWW\weixin_tongshi\Application\Runtime\Cache\Home\5a6e40eedc8109aa84586b754b1ccd5a.php 第 53 行.
INFO: Run Behavior\ParseTemplateBehavior [ RunTime:0.007073s ]
INFO: [ view_parse ] --END-- [ RunTime:0.007122s ]
INFO: [ view_filter ] --START--
INFO: Run Behavior\WriteHtmlCacheBehavior [ RunTime:0.000666s ]
INFO: [ view_filter ] --END-- [ RunTime:0.000709s ]
INFO: [ app_end ] --START--
INFO: Run Behavior\ShowPageTraceBehavior [ RunTime:0.000699s ]
INFO: [ app_end ] --END-- [ RunTime:0.000743s ]

