[ 2016-06-15T19:28:31+08:00 ] ::1 /weixin_tongshi/
INFO: [ app_init ] --START--
INFO: Run Behavior\BuildLiteBehavior [ RunTime:0.000020s ]
INFO: [ app_init ] --END-- [ RunTime:0.060566s ]
INFO: [ app_begin ] --START--
INFO: Run Behavior\ReadHtmlCacheBehavior [ RunTime:0.016527s ]
INFO: [ app_begin ] --END-- [ RunTime:0.016602s ]
INFO: [ view_parse ] --START--
INFO: Run Behavior\ParseTemplateBehavior [ RunTime:0.015900s ]
INFO: [ view_parse ] --END-- [ RunTime:0.015989s ]
INFO: [ view_filter ] --START--
INFO: Run Behavior\WriteHtmlCacheBehavior [ RunTime:0.008998s ]
INFO: [ view_filter ] --END-- [ RunTime:0.009067s ]
INFO: [ app_end ] --START--
INFO: Run Behavior\ShowPageTraceBehavior [ RunTime:0.014702s ]
INFO: [ app_end ] --END-- [ RunTime:0.014803s ]

[ 2016-06-15T19:29:07+08:00 ] ::1 /weixin_tongshi/home/admin/sample
INFO: [ app_init ] --START--
INFO: Run Behavior\BuildLiteBehavior [ RunTime:0.000022s ]
INFO: [ app_init ] --END-- [ RunTime:0.000680s ]
INFO: [ app_begin ] --START--
INFO: Run Behavior\ReadHtmlCacheBehavior [ RunTime:0.001023s ]
INFO: [ app_begin ] --END-- [ RunTime:0.001075s ]
NOTIC: [8] Use of undefined constant __PUBLIC__ - assumed '__PUBLIC__' D:\WWW\weixin_tongshi\Application\Home\Controller\AdminController.class.php 第 6 行.

[ 2016-06-15T19:29:30+08:00 ] ::1 /weixin_tongshi/home/admin/sample
INFO: [ app_init ] --START--
INFO: Run Behavior\BuildLiteBehavior [ RunTime:0.000016s ]
INFO: [ app_init ] --END-- [ RunTime:0.000896s ]
INFO: [ app_begin ] --START--
INFO: Run Behavior\ReadHtmlCacheBehavior [ RunTime:0.001038s ]
INFO: [ app_begin ] --END-- [ RunTime:0.001094s ]

[ 2016-06-15T19:29:30+08:00 ] ::1 /weixin_tongshi/home/admin/sample
INFO: [ app_init ] --START--
INFO: Run Behavior\BuildLiteBehavior [ RunTime:0.000013s ]
INFO: [ app_init ] --END-- [ RunTime:0.000672s ]
INFO: [ app_begin ] --START--
INFO: Run Behavior\ReadHtmlCacheBehavior [ RunTime:0.001475s ]
INFO: [ app_begin ] --END-- [ RunTime:0.001555s ]

[ 2016-06-15T19:43:54+08:00 ] ::1 /weixin_tongshi/
INFO: [ app_init ] --START--
INFO: Run Behavior\BuildLiteBehavior [ RunTime:0.000027s ]
INFO: [ app_init ] --END-- [ RunTime:0.001122s ]
INFO: [ app_begin ] --START--
INFO: Run Behavior\ReadHtmlCacheBehavior [ RunTime:0.001259s ]
INFO: [ app_begin ] --END-- [ RunTime:0.001339s ]
INFO: [ view_parse ] --START--
INFO: Run Behavior\ParseTemplateBehavior [ RunTime:0.001174s ]
INFO: [ view_parse ] --END-- [ RunTime:0.001230s ]
INFO: [ view_filter ] --START--
INFO: Run Behavior\WriteHtmlCacheBehavior [ RunTime:0.000938s ]
INFO: [ view_filter ] --END-- [ RunTime:0.000976s ]
INFO: [ app_end ] --START--
INFO: Run Behavior\ShowPageTraceBehavior [ RunTime:0.001067s ]
INFO: [ app_end ] --END-- [ RunTime:0.001104s ]

[ 2016-06-15T19:44:07+08:00 ] ::1 /weixin_tongshi/index.php/home/admin/addhua
INFO: [ app_init ] --START--
INFO: Run Behavior\BuildLiteBehavior [ RunTime:0.000023s ]
INFO: [ app_init ] --END-- [ RunTime:0.003872s ]
INFO: [ app_begin ] --START--
INFO: Run Behavior\ReadHtmlCacheBehavior [ RunTime:0.001234s ]
INFO: [ app_begin ] --END-- [ RunTime:0.001291s ]
INFO: [ view_parse ] --START--
INFO: [ template_filter ] --START--
INFO: Run Behavior\ContentReplaceBehavior [ RunTime:0.023608s ]
INFO: [ template_filter ] --END-- [ RunTime:0.023715s ]
INFO: Run Behavior\ParseTemplateBehavior [ RunTime:0.240879s ]
INFO: [ view_parse ] --END-- [ RunTime:0.240942s ]
INFO: [ view_filter ] --START--
INFO: Run Behavior\WriteHtmlCacheBehavior [ RunTime:0.000989s ]
INFO: [ view_filter ] --END-- [ RunTime:0.001028s ]
INFO: [ app_end ] --START--
INFO: Run Behavior\ShowPageTraceBehavior [ RunTime:0.001023s ]
INFO: [ app_end ] --END-- [ RunTime:0.001061s ]

[ 2016-06-15T20:11:51+08:00 ] ::1 /weixin_tongshi/index.php/home/admin/addhua
INFO: [ app_init ] --START--
INFO: Run Behavior\BuildLiteBehavior [ RunTime:0.000024s ]
INFO: [ app_init ] --END-- [ RunTime:0.001155s ]
INFO: [ app_begin ] --START--
INFO: Run Behavior\ReadHtmlCacheBehavior [ RunTime:0.001521s ]
INFO: [ app_begin ] --END-- [ RunTime:0.001643s ]

[ 2016-06-15T21:03:25+08:00 ] ::1 /weixin_tongshi/
INFO: [ app_init ] --START--
INFO: Run Behavior\BuildLiteBehavior [ RunTime:0.000015s ]
INFO: [ app_init ] --END-- [ RunTime:0.001006s ]
INFO: [ app_begin ] --START--
INFO: Run Behavior\ReadHtmlCacheBehavior [ RunTime:0.001139s ]
INFO: [ app_begin ] --END-- [ RunTime:0.001194s ]
INFO: [ view_parse ] --START--
INFO: Run Behavior\ParseTemplateBehavior [ RunTime:0.001264s ]
INFO: [ view_parse ] --END-- [ RunTime:0.001323s ]
INFO: [ view_filter ] --START--
INFO: Run Behavior\WriteHtmlCacheBehavior [ RunTime:0.000846s ]
INFO: [ view_filter ] --END-- [ RunTime:0.000883s ]
INFO: [ app_end ] --START--
INFO: Run Behavior\ShowPageTraceBehavior [ RunTime:0.001273s ]
INFO: [ app_end ] --END-- [ RunTime:0.001345s ]

[ 2016-06-15T21:03:40+08:00 ] ::1 /weixin_tongshi/index.php/home/admin/addhua
INFO: [ app_init ] --START--
INFO: Run Behavior\BuildLiteBehavior [ RunTime:0.000014s ]
INFO: [ app_init ] --END-- [ RunTime:0.000967s ]
INFO: [ app_begin ] --START--
INFO: Run Behavior\ReadHtmlCacheBehavior [ RunTime:0.001242s ]
INFO: [ app_begin ] --END-- [ RunTime:0.001301s ]
NOTIC: [8] A session had already been started - ignoring session_start() D:\WWW\weixin_tongshi\Application\Home\Controller\AdminController.class.php 第 58 行.
NOTIC: [8] Undefined index: access_token D:\WWW\weixin_tongshi\Application\Home\Controller\AdminController.class.php 第 59 行.
NOTIC: [8] Undefined index: code D:\WWW\weixin_tongshi\Application\Home\Controller\AdminController.class.php 第 28 行.

[ 2016-06-15T21:09:50+08:00 ] ::1 /weixin_tongshi/
INFO: [ app_init ] --START--
INFO: Run Behavior\BuildLiteBehavior [ RunTime:0.000014s ]
INFO: [ app_init ] --END-- [ RunTime:0.000671s ]
INFO: [ app_begin ] --START--
INFO: Run Behavior\ReadHtmlCacheBehavior [ RunTime:0.001129s ]
INFO: [ app_begin ] --END-- [ RunTime:0.001180s ]
INFO: [ view_parse ] --START--
INFO: Run Behavior\ParseTemplateBehavior [ RunTime:0.001168s ]
INFO: [ view_parse ] --END-- [ RunTime:0.001220s ]
INFO: [ view_filter ] --START--
INFO: Run Behavior\WriteHtmlCacheBehavior [ RunTime:0.000897s ]
INFO: [ view_filter ] --END-- [ RunTime:0.000954s ]
INFO: [ app_end ] --START--
INFO: Run Behavior\ShowPageTraceBehavior [ RunTime:0.001545s ]
INFO: [ app_end ] --END-- [ RunTime:0.001607s ]

[ 2016-06-15T21:09:58+08:00 ] ::1 /weixin_tongshi/index.php/home/admin/addhua
INFO: [ app_init ] --START--
INFO: Run Behavior\BuildLiteBehavior [ RunTime:0.000019s ]
INFO: [ app_init ] --END-- [ RunTime:0.000998s ]
INFO: [ app_begin ] --START--
INFO: Run Behavior\ReadHtmlCacheBehavior [ RunTime:0.001030s ]
INFO: [ app_begin ] --END-- [ RunTime:0.001080s ]
NOTIC: [8] A session had already been started - ignoring session_start() D:\WWW\weixin_tongshi\Application\Home\Controller\AdminController.class.php 第 60 行.
NOTIC: [8] Undefined index: code D:\WWW\weixin_tongshi\Application\Home\Controller\AdminController.class.php 第 28 行.

[ 2016-06-15T21:10:45+08:00 ] ::1 /weixin_tongshi/index.php/home/admin/addhua
INFO: [ app_init ] --START--
INFO: Run Behavior\BuildLiteBehavior [ RunTime:0.000014s ]
INFO: [ app_init ] --END-- [ RunTime:0.000770s ]
INFO: [ app_begin ] --START--
INFO: Run Behavior\ReadHtmlCacheBehavior [ RunTime:0.001030s ]
INFO: [ app_begin ] --END-- [ RunTime:0.001089s ]
NOTIC: [8] A session had already been started - ignoring session_start() D:\WWW\weixin_tongshi\Application\Home\Controller\AdminController.class.php 第 59 行.
NOTIC: [8] Undefined index: code D:\WWW\weixin_tongshi\Application\Home\Controller\AdminController.class.php 第 28 行.

[ 2016-06-15T21:11:12+08:00 ] ::1 /weixin_tongshi/index.php/home/admin/addhua
INFO: [ app_init ] --START--
INFO: Run Behavior\BuildLiteBehavior [ RunTime:0.000015s ]
INFO: [ app_init ] --END-- [ RunTime:0.000825s ]
INFO: [ app_begin ] --START--
INFO: Run Behavior\ReadHtmlCacheBehavior [ RunTime:0.001048s ]
INFO: [ app_begin ] --END-- [ RunTime:0.001117s ]
NOTIC: [8] A session had already been started - ignoring session_start() D:\WWW\weixin_tongshi\Application\Home\Controller\AdminController.class.php 第 59 行.
NOTIC: [8] Undefined index: code D:\WWW\weixin_tongshi\Application\Home\Controller\AdminController.class.php 第 28 行.

